[ 2017-02-09T22:43:02+08:00 ] 127.0.0.1 /
INFO: [ app_init ] --START--
INFO: Run Behavior\BuildLiteBehavior [ RunTime:0.000031s ]
INFO: [ app_init ] --END-- [ RunTime:0.008904s ]
INFO: [ app_begin ] --START--
INFO: Run Behavior\ReadHtmlCacheBehavior [ RunTime:0.010428s ]
INFO: [ app_begin ] --END-- [ RunTime:0.010543s ]
SQL: SHOW COLUMNS FROM `lcm_category` [ RunTime:0.0325s ]
SQL: SELECT * FROM `lcm_category` WHERE ( fid = 0 ) ORDER BY sort desc  [ RunTime:0.0004s ]
SQL: SHOW COLUMNS FROM `lcm_site` [ RunTime:0.1090s ]
SQL: SELECT * FROM `lcm_site` WHERE `id` = 1 LIMIT 1   [ RunTime:0.0004s ]
SQL: SHOW COLUMNS FROM `lcm_email_set` [ RunTime:0.1008s ]
SQL: SELECT * FROM `lcm_email_set` WHERE `id` = 1 LIMIT 1   [ RunTime:0.0003s ]
SQL: SHOW COLUMNS FROM `lcm_friendlink` [ RunTime:0.0207s ]
SQL: SELECT * FROM `lcm_friendlink` ORDER BY id desc  [ RunTime:0.0003s ]
SQL: SHOW COLUMNS FROM `lcm_article` [ RunTime:0.1429s ]
SQL: SHOW COLUMNS FROM `lcm_article` [ RunTime:0.0070s ]
SQL: SELECT a.* FROM lcm_article a,lcm_category c WHERE ( a.status = 0 and c.id = a.fid and c.show_index = 'center'  ) ORDER BY a.id desc LIMIT 2   [ RunTime:0.0009s ]
SQL: SHOW COLUMNS FROM `lcm_article` [ RunTime:0.0074s ]
SQL: SELECT a.* FROM lcm_article a,lcm_category c WHERE ( a.status = 0 and c.id = a.fid and c.show_index = 'bottom'  ) ORDER BY a.id desc LIMIT 4   [ RunTime:0.0009s ]
SQL: SELECT * FROM `lcm_article` WHERE ( status = 0 and fid = 22 ) ORDER BY id desc  [ RunTime:0.0007s ]
SQL: SELECT * FROM `lcm_article` WHERE ( status = 0 and fid in (select id from lcm_category where fid=3) and type=2 ) ORDER BY id desc LIMIT 6   [ RunTime:0.0008s ]
SQL: SHOW COLUMNS FROM `lcm_slides` [ RunTime:0.0444s ]
SQL: SELECT * FROM `lcm_slides` ORDER BY id desc  [ RunTime:0.0005s ]
INFO: [ view_parse ] --START--
INFO: [ template_filter ] --START--
INFO: Run Behavior\ContentReplaceBehavior [ RunTime:0.000174s ]
INFO: [ template_filter ] --END-- [ RunTime:0.000320s ]
INFO: Run Behavior\ParseTemplateBehavior [ RunTime:0.143654s ]
INFO: [ view_parse ] --END-- [ RunTime:0.143898s ]
INFO: [ view_filter ] --START--
INFO: Run Behavior\WriteHtmlCacheBehavior [ RunTime:0.055254s ]
INFO: [ view_filter ] --END-- [ RunTime:0.055438s ]
INFO: [ app_end ] --START--
INFO: Run Behavior\ShowPageTraceBehavior [ RunTime:0.017109s ]
INFO: [ app_end ] --END-- [ RunTime:0.017333s ]

