[ 2017-02-11T11:41:40+08:00 ] 127.0.0.1 /index.php?m=admin&c=login&a=login
INFO: [ app_init ] --START--
INFO: Run Behavior\BuildLiteBehavior [ RunTime:0.000028s ]
INFO: [ app_init ] --END-- [ RunTime:0.000428s ]
INFO: [ app_begin ] --START--
INFO: Run Behavior\ReadHtmlCacheBehavior [ RunTime:0.000497s ]
INFO: [ app_begin ] --END-- [ RunTime:0.000621s ]
INFO: [ view_parse ] --START--
INFO: [ template_filter ] --START--
INFO: Run Behavior\ContentReplaceBehavior [ RunTime:0.000058s ]
INFO: [ template_filter ] --END-- [ RunTime:0.000162s ]
INFO: Run Behavior\ParseTemplateBehavior [ RunTime:0.061371s ]
INFO: [ view_parse ] --END-- [ RunTime:0.061490s ]
INFO: [ view_filter ] --START--
INFO: Run Behavior\WriteHtmlCacheBehavior [ RunTime:0.000249s ]
INFO: [ view_filter ] --END-- [ RunTime:0.000339s ]
INFO: [ app_end ] --START--
INFO: Run Behavior\ShowPageTraceBehavior [ RunTime:0.000381s ]
INFO: [ app_end ] --END-- [ RunTime:0.000491s ]

[ 2017-02-11T11:41:42+08:00 ] 127.0.0.1 /index.php?m=Admin&c=Login&a=checklogin
INFO: [ app_init ] --START--
INFO: Run Behavior\BuildLiteBehavior [ RunTime:0.000038s ]
INFO: [ app_init ] --END-- [ RunTime:0.000532s ]
INFO: [ app_begin ] --START--
INFO: Run Behavior\ReadHtmlCacheBehavior [ RunTime:0.000598s ]
INFO: [ app_begin ] --END-- [ RunTime:0.000791s ]
SQL: SHOW COLUMNS FROM `lcm_user` [ RunTime:0.0359s ]
SQL: SELECT * FROM `lcm_user` WHERE ( username='admin' AND password='e10adc3949ba59abbe56e057f20f883e' AND status ='0' AND admin = 1 ) LIMIT 1   [ RunTime:0.0436s ]
INFO: [ view_parse ] --START--
INFO: [ template_filter ] --START--
INFO: Run Behavior\ContentReplaceBehavior [ RunTime:0.000191s ]
INFO: [ template_filter ] --END-- [ RunTime:0.000391s ]
INFO: Run Behavior\ParseTemplateBehavior [ RunTime:0.021194s ]
INFO: [ view_parse ] --END-- [ RunTime:0.021317s ]
INFO: [ view_filter ] --START--
INFO: Run Behavior\WriteHtmlCacheBehavior [ RunTime:0.000335s ]
INFO: [ view_filter ] --END-- [ RunTime:0.000435s ]
INFO: [ app_end ] --START--
INFO: Run Behavior\ShowPageTraceBehavior [ RunTime:0.000578s ]
INFO: [ app_end ] --END-- [ RunTime:0.000718s ]

[ 2017-02-11T11:41:46+08:00 ] 127.0.0.1 /index.php?m=Admin&c=Index&a=index
INFO: [ app_init ] --START--
INFO: Run Behavior\BuildLiteBehavior [ RunTime:0.000037s ]
INFO: [ app_init ] --END-- [ RunTime:0.000487s ]
INFO: [ app_begin ] --START--
INFO: Run Behavior\ReadHtmlCacheBehavior [ RunTime:0.000491s ]
INFO: [ app_begin ] --END-- [ RunTime:0.000674s ]
SQL: SHOW COLUMNS FROM `lcm_user` [ RunTime:0.0030s ]
SQL: SELECT * FROM `lcm_user` WHERE ( username = 'admin' ) LIMIT 1   [ RunTime:0.0003s ]
INFO: [ view_parse ] --START--
INFO: [ template_filter ] --START--
INFO: Run Behavior\ContentReplaceBehavior [ RunTime:0.000090s ]
INFO: [ template_filter ] --END-- [ RunTime:0.000211s ]
INFO: Run Behavior\ParseTemplateBehavior [ RunTime:0.086326s ]
INFO: [ view_parse ] --END-- [ RunTime:0.086494s ]
INFO: [ view_filter ] --START--
INFO: Run Behavior\WriteHtmlCacheBehavior [ RunTime:0.000402s ]
INFO: [ view_filter ] --END-- [ RunTime:0.000527s ]
INFO: [ app_end ] --START--
INFO: Run Behavior\ShowPageTraceBehavior [ RunTime:0.000679s ]
INFO: [ app_end ] --END-- [ RunTime:0.000863s ]

[ 2017-02-11T11:41:49+08:00 ] 127.0.0.1 /index.php?m=Admin&c=Site&a=index
INFO: [ app_init ] --START--
INFO: Run Behavior\BuildLiteBehavior [ RunTime:0.000022s ]
INFO: [ app_init ] --END-- [ RunTime:0.000309s ]
INFO: [ app_begin ] --START--
INFO: Run Behavior\ReadHtmlCacheBehavior [ RunTime:0.000320s ]
INFO: [ app_begin ] --END-- [ RunTime:0.000429s ]
SQL: SHOW COLUMNS FROM `lcm_user` [ RunTime:0.0036s ]
SQL: SELECT * FROM `lcm_user` WHERE ( username = 'admin' ) LIMIT 1   [ RunTime:0.0003s ]
SQL: SHOW COLUMNS FROM `lcm_site` [ RunTime:0.0030s ]
SQL: SELECT * FROM `lcm_site` WHERE `id` = 1 LIMIT 1   [ RunTime:0.0003s ]
INFO: [ view_parse ] --START--
INFO: [ template_filter ] --START--
INFO: Run Behavior\ContentReplaceBehavior [ RunTime:0.000148s ]
INFO: [ template_filter ] --END-- [ RunTime:0.000257s ]
INFO: Run Behavior\ParseTemplateBehavior [ RunTime:0.019418s ]
INFO: [ view_parse ] --END-- [ RunTime:0.019540s ]
INFO: [ view_filter ] --START--
INFO: Run Behavior\WriteHtmlCacheBehavior [ RunTime:0.000339s ]
INFO: [ view_filter ] --END-- [ RunTime:0.000467s ]
INFO: [ app_end ] --START--
INFO: Run Behavior\ShowPageTraceBehavior [ RunTime:0.000543s ]
INFO: [ app_end ] --END-- [ RunTime:0.000714s ]

[ 2017-02-11T11:42:15+08:00 ] 127.0.0.1 /index.php?m=Admin&c=Site&a=doedit&id=1
INFO: [ app_init ] --START--
INFO: Run Behavior\BuildLiteBehavior [ RunTime:0.000040s ]
INFO: [ app_init ] --END-- [ RunTime:0.000439s ]
INFO: [ app_begin ] --START--
INFO: Run Behavior\ReadHtmlCacheBehavior [ RunTime:0.000592s ]
INFO: [ app_begin ] --END-- [ RunTime:0.000787s ]
SQL: SHOW COLUMNS FROM `lcm_user` [ RunTime:0.0041s ]
SQL: SELECT * FROM `lcm_user` WHERE ( username = 'admin' ) LIMIT 1   [ RunTime:0.0003s ]
SQL: SHOW COLUMNS FROM `lcm_site` [ RunTime:0.0668s ]
SQL: UPDATE `lcm_site` SET `title`='xx农场管理系统',`name`='泰安农场',`set_content`='农场品展示平台',`brand`='水果王',`slogan`='做华东第一水果品牌',`admin_email`='731371050@qq.com',`telephone`='12345678901',`qq`='784966200',`address`='江苏省苏州市姑苏区直属镇菁英公寓',`company`='阿狸文化有限公司',`lat`='31.268243',`lng`='120.736099',`file_size`='8',`keywords`='农产品|蜜桃|水果',`description`='农产品展示平台',`icp`='<a href = \"www.baidu.com\">asd</a>',`statistics`='<script type=\"text/javascript\">var cnzz_protocol = ((\"https:\" == document.location.protocol) ? \" https://\" : \" http://\");document.write(unescape(\"%3Cspan id=\'cnzz_stat_icon_1256104530\'%3E%3C/span%3E%3Cscript src=\'\" + cnzz_protocol + \"s11.cnzz.com/stat.php%3Fid%3D1256104530\' type=\'text/javascript\'%3E%3C/script%3E\"));</script>',`friend_link`='发送邮箱至map720@163.com',`logo`='./Public/Uploads/2017-01-20/5881bb4bbffbf.png',`qrcode`='./Public/Uploads/2017-02-05/5897354907825.png',`about_title`='品牌的力量',`about_content`='品牌的力量是很大很大很大的。品牌的力量是很大很大很大的。品牌的力量是很大很大很大的。品牌的力量是很大很大很大的。品牌的力量是很大很大很大的。品牌的力量是很大很大很大的。',`about_left`='./Public/Uploads/2017-02-06/5897f55da1b8d.jpg',`about_right`='./Public/Uploads/2017-02-06/5897f563b1353.jpg',`product_right`='./Public/Uploads/2017-02-06/5897f568def79.jpg',`pic_hover`='./Public/Uploads/2017-02-08/589ad0cbdff26.png' WHERE ( id = 1 ) [ RunTime:0.0762s ]
INFO: [ view_parse ] --START--
INFO: [ template_filter ] --START--
INFO: Run Behavior\ContentReplaceBehavior [ RunTime:0.000272s ]
INFO: [ template_filter ] --END-- [ RunTime:0.000517s ]
INFO: Run Behavior\ParseTemplateBehavior [ RunTime:0.016880s ]
INFO: [ view_parse ] --END-- [ RunTime:0.017325s ]
INFO: [ view_filter ] --START--
INFO: Run Behavior\WriteHtmlCacheBehavior [ RunTime:0.000644s ]
INFO: [ view_filter ] --END-- [ RunTime:0.001040s ]
INFO: [ app_end ] --START--
INFO: Run Behavior\ShowPageTraceBehavior [ RunTime:0.001545s ]
INFO: [ app_end ] --END-- [ RunTime:0.001976s ]

[ 2017-02-11T11:42:16+08:00 ] 127.0.0.1 /index.php?m=Admin&c=Site&a=index
INFO: [ app_init ] --START--
INFO: Run Behavior\BuildLiteBehavior [ RunTime:0.000045s ]
INFO: [ app_init ] --END-- [ RunTime:0.000658s ]
INFO: [ app_begin ] --START--
INFO: Run Behavior\ReadHtmlCacheBehavior [ RunTime:0.000747s ]
INFO: [ app_begin ] --END-- [ RunTime:0.000974s ]
SQL: SHOW COLUMNS FROM `lcm_user` [ RunTime:0.0069s ]
SQL: SELECT * FROM `lcm_user` WHERE ( username = 'admin' ) LIMIT 1   [ RunTime:0.0003s ]
SQL: SHOW COLUMNS FROM `lcm_site` [ RunTime:0.0039s ]
SQL: SELECT * FROM `lcm_site` WHERE `id` = 1 LIMIT 1   [ RunTime:0.0007s ]
INFO: [ view_parse ] --START--
INFO: [ template_filter ] --START--
INFO: Run Behavior\ContentReplaceBehavior [ RunTime:0.000159s ]
INFO: [ template_filter ] --END-- [ RunTime:0.000273s ]
INFO: Run Behavior\ParseTemplateBehavior [ RunTime:0.023261s ]
INFO: [ view_parse ] --END-- [ RunTime:0.023472s ]
INFO: [ view_filter ] --START--
INFO: Run Behavior\WriteHtmlCacheBehavior [ RunTime:0.000359s ]
INFO: [ view_filter ] --END-- [ RunTime:0.000492s ]
INFO: [ app_end ] --START--
INFO: Run Behavior\ShowPageTraceBehavior [ RunTime:0.000791s ]
INFO: [ app_end ] --END-- [ RunTime:0.001015s ]

