[ 2017-01-20T17:59:28+08:00 ] 127.0.0.1 /index.php?m=Admin&c=Article&a=update&id=5
INFO: [ app_init ] --START--
INFO: Run Behavior\BuildLiteBehavior [ RunTime:0.000055s ]
INFO: [ app_init ] --END-- [ RunTime:0.000877s ]
INFO: [ app_begin ] --START--
INFO: Run Behavior\ReadHtmlCacheBehavior [ RunTime:0.000754s ]
INFO: [ app_begin ] --END-- [ RunTime:0.000930s ]
SQL: SHOW COLUMNS FROM `lcm_user` [ RunTime:0.0031s ]
SQL: SELECT * FROM `lcm_user` WHERE ( username = 'admin' ) LIMIT 1   [ RunTime:0.0003s ]
SQL: SHOW COLUMNS FROM `lcm_category` [ RunTime:0.0086s ]
SQL: SELECT * FROM `lcm_category` ORDER BY sort desc  [ RunTime:0.0004s ]
SQL: SHOW COLUMNS FROM `lcm_article` [ RunTime:0.0045s ]
SQL: SELECT * FROM `lcm_article` WHERE `id` = 5 LIMIT 1   [ RunTime:0.0003s ]
INFO: [ view_parse ] --START--
INFO: [ template_filter ] --START--
INFO: Run Behavior\ContentReplaceBehavior [ RunTime:0.000184s ]
INFO: [ template_filter ] --END-- [ RunTime:0.000332s ]
INFO: Run Behavior\ParseTemplateBehavior [ RunTime:0.060009s ]
INFO: [ view_parse ] --END-- [ RunTime:0.060203s ]
INFO: [ view_filter ] --START--
INFO: Run Behavior\WriteHtmlCacheBehavior [ RunTime:0.000635s ]
INFO: [ view_filter ] --END-- [ RunTime:0.000818s ]
INFO: [ app_end ] --START--
INFO: Run Behavior\ShowPageTraceBehavior [ RunTime:0.000798s ]
INFO: [ app_end ] --END-- [ RunTime:0.000989s ]

[ 2017-01-20T17:59:34+08:00 ] 127.0.0.1 /index.php?m=Admin&c=Article&a=do_update&id=5
INFO: [ app_init ] --START--
INFO: Run Behavior\BuildLiteBehavior [ RunTime:0.000032s ]
INFO: [ app_init ] --END-- [ RunTime:0.000392s ]
INFO: [ app_begin ] --START--
INFO: Run Behavior\ReadHtmlCacheBehavior [ RunTime:0.000569s ]
INFO: [ app_begin ] --END-- [ RunTime:0.000731s ]
SQL: SHOW COLUMNS FROM `lcm_user` [ RunTime:0.0046s ]
SQL: SELECT * FROM `lcm_user` WHERE ( username = 'admin' ) LIMIT 1   [ RunTime:0.0003s ]
SQL: SHOW COLUMNS FROM `lcm_article` [ RunTime:0.0029s ]
SQL: UPDATE `lcm_article` SET `title`='为啥要买京东自营？看完彻底懂了',`articlepassword`='',`viewtumb`='0',`fid`='26',`type`='1',`content`='<p><span style=\"color: rgb(64, 64, 64); font-size: 14px;\">这几天网络上关于京东自营的话题讨论的非常热烈，一方面是消费者购买了京东自营的商品发票信息并非京东商城网站的所有公司，另一方面京东解释“京东的自营就是京东集团子公司的自营就是京东自营”。那么，只要购买到京东自营的商品就可以放心了吗，本次笔者就来谈谈我是如何购买京东自营商品的。</span><br></p><p><span style=\"color: rgb(64, 64, 64); font-size: 14px;\"><span style=\"color: rgb(64, 64, 64); font-size: 14px;\">虽然在京东商城消费并不是特别多，但是笔者认为只要是购买自营商品，在产品品质、售后方面拥有同样的保障，无论发票的开具单位是A或B还是C，我相信很多消费者也是这选择的。近期关于京东商城购物发票开具商并非京东商城网站所有者“京东电子商务有限公司”，实际对于个人消费者而言并没有太大影响，因为普通消费者所关注的售后和报销等问题根本不会因发票开发商不同而有所影响。</span><br></span></p>',`pic`='./Public/Uploads/2017-01-20/5881dd99c71ee.png',`mp3`='',`file`='',`video`='',`edittime`='1484906374' WHERE ( id = 5 ) [ RunTime:0.0520s ]
INFO: [ view_parse ] --START--
INFO: [ template_filter ] --START--
INFO: Run Behavior\ContentReplaceBehavior [ RunTime:0.000172s ]
INFO: [ template_filter ] --END-- [ RunTime:0.000352s ]
INFO: Run Behavior\ParseTemplateBehavior [ RunTime:0.009854s ]
INFO: [ view_parse ] --END-- [ RunTime:0.010034s ]
INFO: [ view_filter ] --START--
INFO: Run Behavior\WriteHtmlCacheBehavior [ RunTime:0.000367s ]
INFO: [ view_filter ] --END-- [ RunTime:0.000566s ]
INFO: [ app_end ] --START--
INFO: Run Behavior\ShowPageTraceBehavior [ RunTime:0.000688s ]
INFO: [ app_end ] --END-- [ RunTime:0.000901s ]

[ 2017-01-20T17:59:35+08:00 ] 127.0.0.1 /index.php?m=Admin&c=Article&a=update&id=5
INFO: [ app_init ] --START--
INFO: Run Behavior\BuildLiteBehavior [ RunTime:0.000033s ]
INFO: [ app_init ] --END-- [ RunTime:0.000368s ]
INFO: [ app_begin ] --START--
INFO: Run Behavior\ReadHtmlCacheBehavior [ RunTime:0.000394s ]
INFO: [ app_begin ] --END-- [ RunTime:0.000544s ]
SQL: SHOW COLUMNS FROM `lcm_user` [ RunTime:0.0030s ]
SQL: SELECT * FROM `lcm_user` WHERE ( username = 'admin' ) LIMIT 1   [ RunTime:0.0004s ]
SQL: SHOW COLUMNS FROM `lcm_category` [ RunTime:0.0030s ]
SQL: SELECT * FROM `lcm_category` ORDER BY sort desc  [ RunTime:0.0004s ]
SQL: SHOW COLUMNS FROM `lcm_article` [ RunTime:0.0030s ]
SQL: SELECT * FROM `lcm_article` WHERE `id` = 5 LIMIT 1   [ RunTime:0.0003s ]
INFO: [ view_parse ] --START--
INFO: [ template_filter ] --START--
INFO: Run Behavior\ContentReplaceBehavior [ RunTime:0.000138s ]
INFO: [ template_filter ] --END-- [ RunTime:0.000249s ]
INFO: Run Behavior\ParseTemplateBehavior [ RunTime:0.019597s ]
INFO: [ view_parse ] --END-- [ RunTime:0.019752s ]
INFO: [ view_filter ] --START--
INFO: Run Behavior\WriteHtmlCacheBehavior [ RunTime:0.000267s ]
INFO: [ view_filter ] --END-- [ RunTime:0.000371s ]
INFO: [ app_end ] --START--
INFO: Run Behavior\ShowPageTraceBehavior [ RunTime:0.000413s ]
INFO: [ app_end ] --END-- [ RunTime:0.000518s ]

[ 2017-01-20T17:59:39+08:00 ] 127.0.0.1 /index.php?m=Admin&c=Article&a=update&id=5
INFO: [ app_init ] --START--
INFO: Run Behavior\BuildLiteBehavior [ RunTime:0.000024s ]
INFO: [ app_init ] --END-- [ RunTime:0.000482s ]
INFO: [ app_begin ] --START--
INFO: Run Behavior\ReadHtmlCacheBehavior [ RunTime:0.000352s ]
INFO: [ app_begin ] --END-- [ RunTime:0.000471s ]
SQL: SHOW COLUMNS FROM `lcm_user` [ RunTime:0.0036s ]
SQL: SELECT * FROM `lcm_user` WHERE ( username = 'admin' ) LIMIT 1   [ RunTime:0.0003s ]
SQL: SHOW COLUMNS FROM `lcm_category` [ RunTime:0.0033s ]
SQL: SELECT * FROM `lcm_category` ORDER BY sort desc  [ RunTime:0.0005s ]
SQL: SHOW COLUMNS FROM `lcm_article` [ RunTime:0.0035s ]
SQL: SELECT * FROM `lcm_article` WHERE `id` = 5 LIMIT 1   [ RunTime:0.0005s ]
INFO: [ view_parse ] --START--
INFO: [ template_filter ] --START--
INFO: Run Behavior\ContentReplaceBehavior [ RunTime:0.000129s ]
INFO: [ template_filter ] --END-- [ RunTime:0.000235s ]
INFO: Run Behavior\ParseTemplateBehavior [ RunTime:0.019952s ]
INFO: [ view_parse ] --END-- [ RunTime:0.020123s ]
INFO: [ view_filter ] --START--
INFO: Run Behavior\WriteHtmlCacheBehavior [ RunTime:0.000410s ]
INFO: [ view_filter ] --END-- [ RunTime:0.000511s ]
INFO: [ app_end ] --START--
INFO: Run Behavior\ShowPageTraceBehavior [ RunTime:0.001056s ]
INFO: [ app_end ] --END-- [ RunTime:0.001222s ]

[ 2017-01-20T17:59:43+08:00 ] 127.0.0.1 /index.php?m=Admin&c=Article&a=index
INFO: [ app_init ] --START--
INFO: Run Behavior\BuildLiteBehavior [ RunTime:0.000043s ]
INFO: [ app_init ] --END-- [ RunTime:0.000586s ]
INFO: [ app_begin ] --START--
INFO: Run Behavior\ReadHtmlCacheBehavior [ RunTime:0.000611s ]
INFO: [ app_begin ] --END-- [ RunTime:0.000853s ]
SQL: SHOW COLUMNS FROM `lcm_user` [ RunTime:0.0042s ]
SQL: SELECT * FROM `lcm_user` WHERE ( username = 'admin' ) LIMIT 1   [ RunTime:0.0007s ]
SQL: SHOW COLUMNS FROM `lcm_article` [ RunTime:0.0035s ]
SQL: SELECT COUNT(*) AS tp_count FROM `lcm_article` WHERE ( status = 0 ) LIMIT 1   [ RunTime:0.0003s ]
SQL: SHOW COLUMNS FROM `lcm_article` [ RunTime:0.0030s ]
SQL: SELECT a.*,(SELECT count(id) FROM lcm_comment where aid = a.id) as comment FROM lcm_article as a WHERE ( status = 0 ) ORDER BY id desc LIMIT 0,10   [ RunTime:0.0005s ]
INFO: [ view_parse ] --START--
INFO: [ template_filter ] --START--
INFO: Run Behavior\ContentReplaceBehavior [ RunTime:0.000100s ]
INFO: [ template_filter ] --END-- [ RunTime:0.000210s ]
INFO: Run Behavior\ParseTemplateBehavior [ RunTime:0.037534s ]
INFO: [ view_parse ] --END-- [ RunTime:0.037690s ]
INFO: [ view_filter ] --START--
INFO: Run Behavior\WriteHtmlCacheBehavior [ RunTime:0.000384s ]
INFO: [ view_filter ] --END-- [ RunTime:0.000544s ]
INFO: [ app_end ] --START--
INFO: Run Behavior\ShowPageTraceBehavior [ RunTime:0.000458s ]
INFO: [ app_end ] --END-- [ RunTime:0.000658s ]

[ 2017-01-20T17:59:46+08:00 ] 127.0.0.1 /index.php?m=Admin&c=Article&a=update&id=4
INFO: [ app_init ] --START--
INFO: Run Behavior\BuildLiteBehavior [ RunTime:0.000023s ]
INFO: [ app_init ] --END-- [ RunTime:0.000403s ]
INFO: [ app_begin ] --START--
INFO: Run Behavior\ReadHtmlCacheBehavior [ RunTime:0.000524s ]
INFO: [ app_begin ] --END-- [ RunTime:0.000645s ]
SQL: SHOW COLUMNS FROM `lcm_user` [ RunTime:0.0128s ]
SQL: SELECT * FROM `lcm_user` WHERE ( username = 'admin' ) LIMIT 1   [ RunTime:0.0003s ]
SQL: SHOW COLUMNS FROM `lcm_category` [ RunTime:0.0645s ]
SQL: SELECT * FROM `lcm_category` ORDER BY sort desc  [ RunTime:0.0003s ]
SQL: SHOW COLUMNS FROM `lcm_article` [ RunTime:0.0034s ]
SQL: SELECT * FROM `lcm_article` WHERE `id` = 4 LIMIT 1   [ RunTime:0.0004s ]
INFO: [ view_parse ] --START--
INFO: [ template_filter ] --START--
INFO: Run Behavior\ContentReplaceBehavior [ RunTime:0.000184s ]
INFO: [ template_filter ] --END-- [ RunTime:0.000314s ]
INFO: Run Behavior\ParseTemplateBehavior [ RunTime:0.023148s ]
INFO: [ view_parse ] --END-- [ RunTime:0.023306s ]
INFO: [ view_filter ] --START--
INFO: Run Behavior\WriteHtmlCacheBehavior [ RunTime:0.000608s ]
INFO: [ view_filter ] --END-- [ RunTime:0.000747s ]
INFO: [ app_end ] --START--
INFO: Run Behavior\ShowPageTraceBehavior [ RunTime:0.000739s ]
INFO: [ app_end ] --END-- [ RunTime:0.000851s ]

[ 2017-01-20T18:01:00+08:00 ] 127.0.0.1 /index.php?m=Admin&c=Article&a=update&id=5
INFO: [ app_init ] --START--
INFO: Run Behavior\BuildLiteBehavior [ RunTime:0.000042s ]
INFO: [ app_init ] --END-- [ RunTime:0.000958s ]
INFO: [ app_begin ] --START--
INFO: Run Behavior\ReadHtmlCacheBehavior [ RunTime:0.000746s ]
INFO: [ app_begin ] --END-- [ RunTime:0.001085s ]
SQL: SHOW COLUMNS FROM `lcm_user` [ RunTime:0.0037s ]
SQL: SELECT * FROM `lcm_user` WHERE ( username = 'admin' ) LIMIT 1   [ RunTime:0.0006s ]
SQL: SHOW COLUMNS FROM `lcm_category` [ RunTime:0.0039s ]
SQL: SELECT * FROM `lcm_category` ORDER BY sort desc  [ RunTime:0.0004s ]
SQL: SHOW COLUMNS FROM `lcm_article` [ RunTime:0.0039s ]
SQL: SELECT * FROM `lcm_article` WHERE `id` = 5 LIMIT 1   [ RunTime:0.0004s ]
INFO: [ view_parse ] --START--
INFO: [ template_filter ] --START--
INFO: Run Behavior\ContentReplaceBehavior [ RunTime:0.000133s ]
INFO: [ template_filter ] --END-- [ RunTime:0.000243s ]
INFO: Run Behavior\ParseTemplateBehavior [ RunTime:0.028980s ]
INFO: [ view_parse ] --END-- [ RunTime:0.029134s ]
INFO: [ view_filter ] --START--
INFO: Run Behavior\WriteHtmlCacheBehavior [ RunTime:0.000487s ]
INFO: [ view_filter ] --END-- [ RunTime:0.000653s ]
INFO: [ app_end ] --START--
INFO: Run Behavior\ShowPageTraceBehavior [ RunTime:0.000716s ]
INFO: [ app_end ] --END-- [ RunTime:0.000897s ]

