[ 2017-02-07T09:36:24+08:00 ] 127.0.0.1 /index.php?m=Admin&c=Images&a=upload_page
INFO: [ app_init ] --START--
INFO: Run Behavior\BuildLiteBehavior [ RunTime:0.000026s ]
INFO: [ app_init ] --END-- [ RunTime:0.000467s ]
INFO: [ app_begin ] --START--
INFO: Run Behavior\ReadHtmlCacheBehavior [ RunTime:0.000458s ]
INFO: [ app_begin ] --END-- [ RunTime:0.000576s ]
SQL: SHOW COLUMNS FROM `lcm_user` [ RunTime:0.0439s ]
SQL: SELECT * FROM `lcm_user` WHERE ( username = 'admin' ) LIMIT 1   [ RunTime:0.0004s ]
INFO: [ view_parse ] --START--
INFO: [ template_filter ] --START--
INFO: Run Behavior\ContentReplaceBehavior [ RunTime:0.000116s ]
INFO: [ template_filter ] --END-- [ RunTime:0.000250s ]
INFO: Run Behavior\ParseTemplateBehavior [ RunTime:0.015185s ]
INFO: [ view_parse ] --END-- [ RunTime:0.015302s ]
INFO: [ view_filter ] --START--
INFO: Run Behavior\WriteHtmlCacheBehavior [ RunTime:0.000308s ]
INFO: [ view_filter ] --END-- [ RunTime:0.000403s ]
INFO: [ app_end ] --START--
INFO: Run Behavior\ShowPageTraceBehavior [ RunTime:0.000612s ]
INFO: [ app_end ] --END-- [ RunTime:0.000760s ]

[ 2017-02-07T09:36:37+08:00 ] 127.0.0.1 /index.php?m=Admin&c=Images&a=products
INFO: [ app_init ] --START--
INFO: Run Behavior\BuildLiteBehavior [ RunTime:0.000026s ]
INFO: [ app_init ] --END-- [ RunTime:0.000408s ]
INFO: [ app_begin ] --START--
INFO: Run Behavior\ReadHtmlCacheBehavior [ RunTime:0.000479s ]
INFO: [ app_begin ] --END-- [ RunTime:0.000612s ]
SQL: SHOW COLUMNS FROM `lcm_user` [ RunTime:0.0028s ]
SQL: SELECT * FROM `lcm_user` WHERE ( username = 'admin' ) LIMIT 1   [ RunTime:0.0003s ]
ERR: 非法操作:products

[ 2017-02-07T09:44:06+08:00 ] 127.0.0.1 /index.php?m=Admin&c=Category&a=index
INFO: [ app_init ] --START--
INFO: Run Behavior\BuildLiteBehavior [ RunTime:0.000025s ]
INFO: [ app_init ] --END-- [ RunTime:0.000406s ]
INFO: [ app_begin ] --START--
INFO: Run Behavior\ReadHtmlCacheBehavior [ RunTime:0.000483s ]
INFO: [ app_begin ] --END-- [ RunTime:0.000615s ]
SQL: SHOW COLUMNS FROM `lcm_user` [ RunTime:0.0029s ]
SQL: SELECT * FROM `lcm_user` WHERE ( username = 'admin' ) LIMIT 1   [ RunTime:0.0003s ]
SQL: SHOW COLUMNS FROM `lcm_category` [ RunTime:0.0026s ]
SQL: SELECT * FROM `lcm_category`  [ RunTime:0.0002s ]
INFO: [ view_parse ] --START--
INFO: [ template_filter ] --START--
INFO: Run Behavior\ContentReplaceBehavior [ RunTime:0.000091s ]
INFO: [ template_filter ] --END-- [ RunTime:0.000202s ]
INFO: Run Behavior\ParseTemplateBehavior [ RunTime:0.040497s ]
INFO: [ view_parse ] --END-- [ RunTime:0.040614s ]
INFO: [ view_filter ] --START--
INFO: Run Behavior\WriteHtmlCacheBehavior [ RunTime:0.000358s ]
INFO: [ view_filter ] --END-- [ RunTime:0.000461s ]
INFO: [ app_end ] --START--
INFO: Run Behavior\ShowPageTraceBehavior [ RunTime:0.000501s ]
INFO: [ app_end ] --END-- [ RunTime:0.000609s ]

[ 2017-02-07T14:13:04+08:00 ] 127.0.0.1 /index.php?m=Admin&c=Category&a=index
INFO: [ app_init ] --START--
INFO: Run Behavior\BuildLiteBehavior [ RunTime:0.000072s ]
INFO: [ app_init ] --END-- [ RunTime:0.000613s ]
INFO: [ app_begin ] --START--
INFO: Run Behavior\ReadHtmlCacheBehavior [ RunTime:0.000481s ]
INFO: [ app_begin ] --END-- [ RunTime:0.000682s ]
SQL: SHOW COLUMNS FROM `lcm_user` [ RunTime:0.0530s ]
SQL: SELECT * FROM `lcm_user` WHERE ( username = 'admin' ) LIMIT 1   [ RunTime:0.0005s ]
SQL: SHOW COLUMNS FROM `lcm_category` [ RunTime:0.0290s ]
SQL: SELECT * FROM `lcm_category`  [ RunTime:0.0003s ]
INFO: [ view_parse ] --START--
INFO: [ template_filter ] --START--
INFO: Run Behavior\ContentReplaceBehavior [ RunTime:0.000412s ]
INFO: [ template_filter ] --END-- [ RunTime:0.000746s ]
INFO: Run Behavior\ParseTemplateBehavior [ RunTime:0.074097s ]
INFO: [ view_parse ] --END-- [ RunTime:0.074257s ]
INFO: [ view_filter ] --START--
INFO: Run Behavior\WriteHtmlCacheBehavior [ RunTime:0.000564s ]
INFO: [ view_filter ] --END-- [ RunTime:0.000733s ]
INFO: [ app_end ] --START--
INFO: Run Behavior\ShowPageTraceBehavior [ RunTime:0.004270s ]
INFO: [ app_end ] --END-- [ RunTime:0.004654s ]

[ 2017-02-07T14:18:33+08:00 ] 127.0.0.1 /index.php?m=Admin&c=Article&a=add
INFO: [ app_init ] --START--
INFO: Run Behavior\BuildLiteBehavior [ RunTime:0.000023s ]
INFO: [ app_init ] --END-- [ RunTime:0.000362s ]
INFO: [ app_begin ] --START--
INFO: Run Behavior\ReadHtmlCacheBehavior [ RunTime:0.000419s ]
INFO: [ app_begin ] --END-- [ RunTime:0.000528s ]
SQL: SHOW COLUMNS FROM `lcm_user` [ RunTime:0.0028s ]
SQL: SELECT * FROM `lcm_user` WHERE ( username = 'admin' ) LIMIT 1   [ RunTime:0.0003s ]
SQL: SHOW COLUMNS FROM `lcm_category` [ RunTime:0.0025s ]
SQL: SELECT * FROM `lcm_category` ORDER BY sort desc  [ RunTime:0.0003s ]
INFO: [ view_parse ] --START--
INFO: [ template_filter ] --START--
INFO: Run Behavior\ContentReplaceBehavior [ RunTime:0.000263s ]
INFO: [ template_filter ] --END-- [ RunTime:0.000476s ]
INFO: Run Behavior\ParseTemplateBehavior [ RunTime:0.061348s ]
INFO: [ view_parse ] --END-- [ RunTime:0.061534s ]
INFO: [ view_filter ] --START--
INFO: Run Behavior\WriteHtmlCacheBehavior [ RunTime:0.000553s ]
INFO: [ view_filter ] --END-- [ RunTime:0.000698s ]
INFO: [ app_end ] --START--
INFO: Run Behavior\ShowPageTraceBehavior [ RunTime:0.000705s ]
INFO: [ app_end ] --END-- [ RunTime:0.000863s ]

[ 2017-02-07T14:27:59+08:00 ] 127.0.0.1 /index.php?m=Admin&c=Article&a=add
INFO: [ app_init ] --START--
INFO: Run Behavior\BuildLiteBehavior [ RunTime:0.000040s ]
INFO: [ app_init ] --END-- [ RunTime:0.000578s ]
INFO: [ app_begin ] --START--
INFO: Run Behavior\ReadHtmlCacheBehavior [ RunTime:0.000714s ]
INFO: [ app_begin ] --END-- [ RunTime:0.000922s ]
SQL: SHOW COLUMNS FROM `lcm_user` [ RunTime:0.0035s ]
SQL: SELECT * FROM `lcm_user` WHERE ( username = 'admin' ) LIMIT 1   [ RunTime:0.0004s ]
SQL: SHOW COLUMNS FROM `lcm_category` [ RunTime:0.0730s ]
SQL: SELECT * FROM `lcm_category` ORDER BY sort desc  [ RunTime:0.0006s ]
INFO: [ view_parse ] --START--
INFO: [ template_filter ] --START--
INFO: Run Behavior\ContentReplaceBehavior [ RunTime:0.000426s ]
INFO: [ template_filter ] --END-- [ RunTime:0.000636s ]
INFO: Run Behavior\ParseTemplateBehavior [ RunTime:0.030174s ]
INFO: [ view_parse ] --END-- [ RunTime:0.030386s ]
INFO: [ view_filter ] --START--
INFO: Run Behavior\WriteHtmlCacheBehavior [ RunTime:0.000522s ]
INFO: [ view_filter ] --END-- [ RunTime:0.000709s ]
INFO: [ app_end ] --START--
INFO: Run Behavior\ShowPageTraceBehavior [ RunTime:0.000759s ]
INFO: [ app_end ] --END-- [ RunTime:0.000944s ]

[ 2017-02-07T14:32:38+08:00 ] 127.0.0.1 /index.php?m=Admin&c=Article&a=add
INFO: [ app_init ] --START--
INFO: Run Behavior\BuildLiteBehavior [ RunTime:0.000047s ]
INFO: [ app_init ] --END-- [ RunTime:0.000550s ]
INFO: [ app_begin ] --START--
INFO: Run Behavior\ReadHtmlCacheBehavior [ RunTime:0.000684s ]
INFO: [ app_begin ] --END-- [ RunTime:0.000899s ]
SQL: SHOW COLUMNS FROM `lcm_user` [ RunTime:0.0040s ]
SQL: SELECT * FROM `lcm_user` WHERE ( username = 'admin' ) LIMIT 1   [ RunTime:0.0004s ]
SQL: SHOW COLUMNS FROM `lcm_category` [ RunTime:0.0034s ]
SQL: SELECT * FROM `lcm_category` ORDER BY sort desc  [ RunTime:0.0003s ]
INFO: [ view_parse ] --START--
INFO: [ template_filter ] --START--
INFO: Run Behavior\ContentReplaceBehavior [ RunTime:0.000236s ]
INFO: [ template_filter ] --END-- [ RunTime:0.000424s ]
INFO: Run Behavior\ParseTemplateBehavior [ RunTime:0.053553s ]
INFO: [ view_parse ] --END-- [ RunTime:0.053919s ]
INFO: [ view_filter ] --START--
INFO: Run Behavior\WriteHtmlCacheBehavior [ RunTime:0.000569s ]
INFO: [ view_filter ] --END-- [ RunTime:0.000745s ]
INFO: [ app_end ] --START--
INFO: Run Behavior\ShowPageTraceBehavior [ RunTime:0.022697s ]
INFO: [ app_end ] --END-- [ RunTime:0.022892s ]

[ 2017-02-07T14:33:09+08:00 ] 127.0.0.1 /index.php?m=Admin&c=Article&a=add
INFO: [ app_init ] --START--
INFO: Run Behavior\BuildLiteBehavior [ RunTime:0.000035s ]
INFO: [ app_init ] --END-- [ RunTime:0.000469s ]
INFO: [ app_begin ] --START--
INFO: Run Behavior\ReadHtmlCacheBehavior [ RunTime:0.000497s ]
INFO: [ app_begin ] --END-- [ RunTime:0.000690s ]
SQL: SHOW COLUMNS FROM `lcm_user` [ RunTime:0.0036s ]
SQL: SELECT * FROM `lcm_user` WHERE ( username = 'admin' ) LIMIT 1   [ RunTime:0.0004s ]
SQL: SHOW COLUMNS FROM `lcm_category` [ RunTime:0.0036s ]
SQL: SELECT * FROM `lcm_category` ORDER BY sort desc  [ RunTime:0.0005s ]
INFO: [ view_parse ] --START--
INFO: [ template_filter ] --START--
INFO: Run Behavior\ContentReplaceBehavior [ RunTime:0.000271s ]
INFO: [ template_filter ] --END-- [ RunTime:0.000469s ]
INFO: Run Behavior\ParseTemplateBehavior [ RunTime:0.028636s ]
INFO: [ view_parse ] --END-- [ RunTime:0.028843s ]
INFO: [ view_filter ] --START--
INFO: Run Behavior\WriteHtmlCacheBehavior [ RunTime:0.000420s ]
INFO: [ view_filter ] --END-- [ RunTime:0.000598s ]
INFO: [ app_end ] --START--
INFO: Run Behavior\ShowPageTraceBehavior [ RunTime:0.000611s ]
INFO: [ app_end ] --END-- [ RunTime:0.000800s ]

[ 2017-02-07T14:34:27+08:00 ] 127.0.0.1 /index.php?m=Admin&c=Article&a=add
INFO: [ app_init ] --START--
INFO: Run Behavior\BuildLiteBehavior [ RunTime:0.000040s ]
INFO: [ app_init ] --END-- [ RunTime:0.000563s ]
INFO: [ app_begin ] --START--
INFO: Run Behavior\ReadHtmlCacheBehavior [ RunTime:0.000664s ]
INFO: [ app_begin ] --END-- [ RunTime:0.000951s ]
SQL: SHOW COLUMNS FROM `lcm_user` [ RunTime:0.0245s ]
SQL: SELECT * FROM `lcm_user` WHERE ( username = 'admin' ) LIMIT 1   [ RunTime:0.0004s ]
SQL: SHOW COLUMNS FROM `lcm_category` [ RunTime:0.0036s ]
SQL: SELECT * FROM `lcm_category` ORDER BY sort desc  [ RunTime:0.0003s ]
INFO: [ view_parse ] --START--
INFO: [ template_filter ] --START--
INFO: Run Behavior\ContentReplaceBehavior [ RunTime:0.000246s ]
INFO: [ template_filter ] --END-- [ RunTime:0.000440s ]
INFO: Run Behavior\ParseTemplateBehavior [ RunTime:0.028640s ]
INFO: [ view_parse ] --END-- [ RunTime:0.028847s ]
INFO: [ view_filter ] --START--
INFO: Run Behavior\WriteHtmlCacheBehavior [ RunTime:0.000423s ]
INFO: [ view_filter ] --END-- [ RunTime:0.000604s ]
INFO: [ app_end ] --START--
INFO: Run Behavior\ShowPageTraceBehavior [ RunTime:0.000716s ]
INFO: [ app_end ] --END-- [ RunTime:0.000932s ]

[ 2017-02-07T14:34:53+08:00 ] 127.0.0.1 /index.php?m=Admin&c=Article&a=add
INFO: [ app_init ] --START--
INFO: Run Behavior\BuildLiteBehavior [ RunTime:0.000037s ]
INFO: [ app_init ] --END-- [ RunTime:0.000548s ]
INFO: [ app_begin ] --START--
INFO: Run Behavior\ReadHtmlCacheBehavior [ RunTime:0.000706s ]
INFO: [ app_begin ] --END-- [ RunTime:0.000932s ]
SQL: SHOW COLUMNS FROM `lcm_user` [ RunTime:0.0042s ]
SQL: SELECT * FROM `lcm_user` WHERE ( username = 'admin' ) LIMIT 1   [ RunTime:0.0004s ]
SQL: SHOW COLUMNS FROM `lcm_category` [ RunTime:0.0035s ]
SQL: SELECT * FROM `lcm_category` ORDER BY sort desc  [ RunTime:0.0004s ]
INFO: [ view_parse ] --START--
INFO: [ template_filter ] --START--
INFO: Run Behavior\ContentReplaceBehavior [ RunTime:0.000341s ]
INFO: [ template_filter ] --END-- [ RunTime:0.000728s ]
INFO: Run Behavior\ParseTemplateBehavior [ RunTime:0.030271s ]
INFO: [ view_parse ] --END-- [ RunTime:0.030484s ]
INFO: [ view_filter ] --START--
INFO: Run Behavior\WriteHtmlCacheBehavior [ RunTime:0.000519s ]
INFO: [ view_filter ] --END-- [ RunTime:0.000692s ]
INFO: [ app_end ] --START--
INFO: Run Behavior\ShowPageTraceBehavior [ RunTime:0.000763s ]
INFO: [ app_end ] --END-- [ RunTime:0.000947s ]

[ 2017-02-07T14:35:04+08:00 ] 127.0.0.1 /index.php?m=Admin&c=Article&a=add
INFO: [ app_init ] --START--
INFO: Run Behavior\BuildLiteBehavior [ RunTime:0.000038s ]
INFO: [ app_init ] --END-- [ RunTime:0.000533s ]
INFO: [ app_begin ] --START--
INFO: Run Behavior\ReadHtmlCacheBehavior [ RunTime:0.000645s ]
INFO: [ app_begin ] --END-- [ RunTime:0.000850s ]
SQL: SHOW COLUMNS FROM `lcm_user` [ RunTime:0.0141s ]
SQL: SELECT * FROM `lcm_user` WHERE ( username = 'admin' ) LIMIT 1   [ RunTime:0.0004s ]
SQL: SHOW COLUMNS FROM `lcm_category` [ RunTime:0.0039s ]
SQL: SELECT * FROM `lcm_category` ORDER BY sort desc  [ RunTime:0.0004s ]
INFO: [ view_parse ] --START--
INFO: [ template_filter ] --START--
INFO: Run Behavior\ContentReplaceBehavior [ RunTime:0.000245s ]
INFO: [ template_filter ] --END-- [ RunTime:0.000450s ]
INFO: Run Behavior\ParseTemplateBehavior [ RunTime:0.028669s ]
INFO: [ view_parse ] --END-- [ RunTime:0.028881s ]
INFO: [ view_filter ] --START--
INFO: Run Behavior\WriteHtmlCacheBehavior [ RunTime:0.000454s ]
INFO: [ view_filter ] --END-- [ RunTime:0.000628s ]
INFO: [ app_end ] --START--
INFO: Run Behavior\ShowPageTraceBehavior [ RunTime:0.000675s ]
INFO: [ app_end ] --END-- [ RunTime:0.000875s ]

[ 2017-02-07T14:36:47+08:00 ] 127.0.0.1 /index.php?m=Admin&c=Article&a=add
INFO: [ app_init ] --START--
INFO: Run Behavior\BuildLiteBehavior [ RunTime:0.000037s ]
INFO: [ app_init ] --END-- [ RunTime:0.000498s ]
INFO: [ app_begin ] --START--
INFO: Run Behavior\ReadHtmlCacheBehavior [ RunTime:0.000526s ]
INFO: [ app_begin ] --END-- [ RunTime:0.000726s ]
SQL: SHOW COLUMNS FROM `lcm_user` [ RunTime:0.0035s ]
SQL: SELECT * FROM `lcm_user` WHERE ( username = 'admin' ) LIMIT 1   [ RunTime:0.0004s ]
SQL: SHOW COLUMNS FROM `lcm_category` [ RunTime:0.0229s ]
SQL: SELECT * FROM `lcm_category` ORDER BY sort desc  [ RunTime:0.0004s ]
INFO: [ view_parse ] --START--
INFO: [ template_filter ] --START--
INFO: Run Behavior\ContentReplaceBehavior [ RunTime:0.000228s ]
INFO: [ template_filter ] --END-- [ RunTime:0.000408s ]
INFO: Run Behavior\ParseTemplateBehavior [ RunTime:0.068155s ]
INFO: [ view_parse ] --END-- [ RunTime:0.068365s ]
INFO: [ view_filter ] --START--
INFO: Run Behavior\WriteHtmlCacheBehavior [ RunTime:0.000414s ]
INFO: [ view_filter ] --END-- [ RunTime:0.000585s ]
INFO: [ app_end ] --START--
INFO: Run Behavior\ShowPageTraceBehavior [ RunTime:0.000655s ]
INFO: [ app_end ] --END-- [ RunTime:0.000843s ]

[ 2017-02-07T14:37:21+08:00 ] 127.0.0.1 /index.php?m=Admin&c=Article&a=add
INFO: [ app_init ] --START--
INFO: Run Behavior\BuildLiteBehavior [ RunTime:0.000039s ]
INFO: [ app_init ] --END-- [ RunTime:0.000615s ]
INFO: [ app_begin ] --START--
INFO: Run Behavior\ReadHtmlCacheBehavior [ RunTime:0.001830s ]
INFO: [ app_begin ] --END-- [ RunTime:0.002301s ]
SQL: SHOW COLUMNS FROM `lcm_user` [ RunTime:0.0053s ]
SQL: SELECT * FROM `lcm_user` WHERE ( username = 'admin' ) LIMIT 1   [ RunTime:0.0004s ]
SQL: SHOW COLUMNS FROM `lcm_category` [ RunTime:0.0036s ]
SQL: SELECT * FROM `lcm_category` ORDER BY sort desc  [ RunTime:0.0004s ]
INFO: [ view_parse ] --START--
INFO: [ template_filter ] --START--
INFO: Run Behavior\ContentReplaceBehavior [ RunTime:0.000213s ]
INFO: [ template_filter ] --END-- [ RunTime:0.000400s ]
INFO: Run Behavior\ParseTemplateBehavior [ RunTime:0.029395s ]
INFO: [ view_parse ] --END-- [ RunTime:0.029772s ]
INFO: [ view_filter ] --START--
INFO: Run Behavior\WriteHtmlCacheBehavior [ RunTime:0.000640s ]
INFO: [ view_filter ] --END-- [ RunTime:0.000837s ]
INFO: [ app_end ] --START--
INFO: Run Behavior\ShowPageTraceBehavior [ RunTime:0.000802s ]
INFO: [ app_end ] --END-- [ RunTime:0.000994s ]

[ 2017-02-07T14:38:06+08:00 ] 127.0.0.1 /index.php?m=Admin&c=Article&a=add
INFO: [ app_init ] --START--
INFO: Run Behavior\BuildLiteBehavior [ RunTime:0.000051s ]
INFO: [ app_init ] --END-- [ RunTime:0.000941s ]
INFO: [ app_begin ] --START--
INFO: Run Behavior\ReadHtmlCacheBehavior [ RunTime:0.000792s ]
INFO: [ app_begin ] --END-- [ RunTime:0.001043s ]
SQL: SHOW COLUMNS FROM `lcm_user` [ RunTime:0.0044s ]
SQL: SELECT * FROM `lcm_user` WHERE ( username = 'admin' ) LIMIT 1   [ RunTime:0.0004s ]
SQL: SHOW COLUMNS FROM `lcm_category` [ RunTime:0.0283s ]
SQL: SELECT * FROM `lcm_category` ORDER BY sort desc  [ RunTime:0.0008s ]
INFO: [ view_parse ] --START--
INFO: [ template_filter ] --START--
INFO: Run Behavior\ContentReplaceBehavior [ RunTime:0.000236s ]
INFO: [ template_filter ] --END-- [ RunTime:0.000430s ]
INFO: Run Behavior\ParseTemplateBehavior [ RunTime:0.028181s ]
INFO: [ view_parse ] --END-- [ RunTime:0.028386s ]
INFO: [ view_filter ] --START--
INFO: Run Behavior\WriteHtmlCacheBehavior [ RunTime:0.000416s ]
INFO: [ view_filter ] --END-- [ RunTime:0.000587s ]
INFO: [ app_end ] --START--
INFO: Run Behavior\ShowPageTraceBehavior [ RunTime:0.000605s ]
INFO: [ app_end ] --END-- [ RunTime:0.000791s ]

[ 2017-02-07T14:38:36+08:00 ] 127.0.0.1 /index.php?m=Admin&c=Article&a=add
INFO: [ app_init ] --START--
INFO: Run Behavior\BuildLiteBehavior [ RunTime:0.000037s ]
INFO: [ app_init ] --END-- [ RunTime:0.000503s ]
INFO: [ app_begin ] --START--
INFO: Run Behavior\ReadHtmlCacheBehavior [ RunTime:0.000523s ]
INFO: [ app_begin ] --END-- [ RunTime:0.000716s ]
SQL: SHOW COLUMNS FROM `lcm_user` [ RunTime:0.0035s ]
SQL: SELECT * FROM `lcm_user` WHERE ( username = 'admin' ) LIMIT 1   [ RunTime:0.0003s ]
SQL: SHOW COLUMNS FROM `lcm_category` [ RunTime:0.0032s ]
SQL: SELECT * FROM `lcm_category` ORDER BY sort desc  [ RunTime:0.0006s ]
INFO: [ view_parse ] --START--
INFO: [ template_filter ] --START--
INFO: Run Behavior\ContentReplaceBehavior [ RunTime:0.000217s ]
INFO: [ template_filter ] --END-- [ RunTime:0.000404s ]
INFO: Run Behavior\ParseTemplateBehavior [ RunTime:0.027292s ]
INFO: [ view_parse ] --END-- [ RunTime:0.027497s ]
INFO: [ view_filter ] --START--
INFO: Run Behavior\WriteHtmlCacheBehavior [ RunTime:0.000393s ]
INFO: [ view_filter ] --END-- [ RunTime:0.000556s ]
INFO: [ app_end ] --START--
INFO: Run Behavior\ShowPageTraceBehavior [ RunTime:0.000621s ]
INFO: [ app_end ] --END-- [ RunTime:0.000801s ]

[ 2017-02-07T14:38:57+08:00 ] 127.0.0.1 /index.php?m=Admin&c=Article&a=add
INFO: [ app_init ] --START--
INFO: Run Behavior\BuildLiteBehavior [ RunTime:0.000037s ]
INFO: [ app_init ] --END-- [ RunTime:0.000509s ]
INFO: [ app_begin ] --START--
INFO: Run Behavior\ReadHtmlCacheBehavior [ RunTime:0.000569s ]
INFO: [ app_begin ] --END-- [ RunTime:0.000774s ]
SQL: SHOW COLUMNS FROM `lcm_user` [ RunTime:0.0035s ]
SQL: SELECT * FROM `lcm_user` WHERE ( username = 'admin' ) LIMIT 1   [ RunTime:0.0004s ]
SQL: SHOW COLUMNS FROM `lcm_category` [ RunTime:0.0034s ]
SQL: SELECT * FROM `lcm_category` ORDER BY sort desc  [ RunTime:0.0004s ]
INFO: [ view_parse ] --START--
INFO: [ template_filter ] --START--
INFO: Run Behavior\ContentReplaceBehavior [ RunTime:0.000268s ]
INFO: [ template_filter ] --END-- [ RunTime:0.000464s ]
INFO: Run Behavior\ParseTemplateBehavior [ RunTime:0.027929s ]
INFO: [ view_parse ] --END-- [ RunTime:0.028135s ]
INFO: [ view_filter ] --START--
INFO: Run Behavior\WriteHtmlCacheBehavior [ RunTime:0.000406s ]
INFO: [ view_filter ] --END-- [ RunTime:0.000571s ]
INFO: [ app_end ] --START--
INFO: Run Behavior\ShowPageTraceBehavior [ RunTime:0.000597s ]
INFO: [ app_end ] --END-- [ RunTime:0.000778s ]

[ 2017-02-07T14:41:53+08:00 ] 127.0.0.1 /index.php?m=Admin&c=Article&a=add
INFO: [ app_init ] --START--
INFO: Run Behavior\BuildLiteBehavior [ RunTime:0.000042s ]
INFO: [ app_init ] --END-- [ RunTime:0.001533s ]
INFO: [ app_begin ] --START--
INFO: Run Behavior\ReadHtmlCacheBehavior [ RunTime:0.000733s ]
INFO: [ app_begin ] --END-- [ RunTime:0.000961s ]
SQL: SHOW COLUMNS FROM `lcm_user` [ RunTime:0.0260s ]
SQL: SELECT * FROM `lcm_user` WHERE ( username = 'admin' ) LIMIT 1   [ RunTime:0.0004s ]
SQL: SHOW COLUMNS FROM `lcm_category` [ RunTime:0.0032s ]
SQL: SELECT * FROM `lcm_category` ORDER BY sort desc  [ RunTime:0.0003s ]
INFO: [ view_parse ] --START--
INFO: [ template_filter ] --START--
INFO: Run Behavior\ContentReplaceBehavior [ RunTime:0.000278s ]
INFO: [ template_filter ] --END-- [ RunTime:0.000507s ]
INFO: Run Behavior\ParseTemplateBehavior [ RunTime:0.030105s ]
INFO: [ view_parse ] --END-- [ RunTime:0.030280s ]
INFO: [ view_filter ] --START--
INFO: Run Behavior\WriteHtmlCacheBehavior [ RunTime:0.000540s ]
INFO: [ view_filter ] --END-- [ RunTime:0.000716s ]
INFO: [ app_end ] --START--
INFO: Run Behavior\ShowPageTraceBehavior [ RunTime:0.000698s ]
INFO: [ app_end ] --END-- [ RunTime:0.000884s ]

[ 2017-02-07T14:42:32+08:00 ] 127.0.0.1 /index.php?m=Admin&c=Article&a=add
INFO: [ app_init ] --START--
INFO: Run Behavior\BuildLiteBehavior [ RunTime:0.000038s ]
INFO: [ app_init ] --END-- [ RunTime:0.000553s ]
INFO: [ app_begin ] --START--
INFO: Run Behavior\ReadHtmlCacheBehavior [ RunTime:0.000548s ]
INFO: [ app_begin ] --END-- [ RunTime:0.000748s ]
SQL: SHOW COLUMNS FROM `lcm_user` [ RunTime:0.0045s ]
SQL: SELECT * FROM `lcm_user` WHERE ( username = 'admin' ) LIMIT 1   [ RunTime:0.0007s ]
SQL: SHOW COLUMNS FROM `lcm_category` [ RunTime:0.0040s ]
SQL: SELECT * FROM `lcm_category` ORDER BY sort desc  [ RunTime:0.0004s ]
INFO: [ view_parse ] --START--
INFO: [ template_filter ] --START--
INFO: Run Behavior\ContentReplaceBehavior [ RunTime:0.000146s ]
INFO: [ template_filter ] --END-- [ RunTime:0.000264s ]
INFO: Run Behavior\ParseTemplateBehavior [ RunTime:0.026707s ]
INFO: [ view_parse ] --END-- [ RunTime:0.026921s ]
INFO: [ view_filter ] --START--
INFO: Run Behavior\WriteHtmlCacheBehavior [ RunTime:0.000562s ]
INFO: [ view_filter ] --END-- [ RunTime:0.000740s ]
INFO: [ app_end ] --START--
INFO: Run Behavior\ShowPageTraceBehavior [ RunTime:0.000622s ]
INFO: [ app_end ] --END-- [ RunTime:0.000847s ]

[ 2017-02-07T15:07:47+08:00 ] 127.0.0.1 /index.php?m=Admin&c=Article&a=add
INFO: [ app_init ] --START--
INFO: Run Behavior\BuildLiteBehavior [ RunTime:0.000023s ]
INFO: [ app_init ] --END-- [ RunTime:0.000362s ]
INFO: [ app_begin ] --START--
INFO: Run Behavior\ReadHtmlCacheBehavior [ RunTime:0.000420s ]
INFO: [ app_begin ] --END-- [ RunTime:0.000530s ]
SQL: SHOW COLUMNS FROM `lcm_user` [ RunTime:0.0031s ]
SQL: SELECT * FROM `lcm_user` WHERE ( username = 'admin' ) LIMIT 1   [ RunTime:0.0004s ]
SQL: SHOW COLUMNS FROM `lcm_category` [ RunTime:0.0045s ]
SQL: SELECT * FROM `lcm_category` ORDER BY sort desc  [ RunTime:0.0004s ]
INFO: [ view_parse ] --START--
INFO: [ template_filter ] --START--
INFO: Run Behavior\ContentReplaceBehavior [ RunTime:0.000182s ]
INFO: [ template_filter ] --END-- [ RunTime:0.000325s ]
INFO: Run Behavior\ParseTemplateBehavior [ RunTime:0.022920s ]
INFO: [ view_parse ] --END-- [ RunTime:0.023082s ]
INFO: [ view_filter ] --START--
INFO: Run Behavior\WriteHtmlCacheBehavior [ RunTime:0.000374s ]
INFO: [ view_filter ] --END-- [ RunTime:0.000474s ]
INFO: [ app_end ] --START--
INFO: Run Behavior\ShowPageTraceBehavior [ RunTime:0.001128s ]
INFO: [ app_end ] --END-- [ RunTime:0.001303s ]

[ 2017-02-07T15:09:08+08:00 ] 127.0.0.1 /index.php?m=Admin&c=Article&a=ajax_upload&type=pic
INFO: [ app_init ] --START--
INFO: Run Behavior\BuildLiteBehavior [ RunTime:0.000022s ]
INFO: [ app_init ] --END-- [ RunTime:0.000320s ]
INFO: [ app_begin ] --START--
INFO: Run Behavior\ReadHtmlCacheBehavior [ RunTime:0.000312s ]
INFO: [ app_begin ] --END-- [ RunTime:0.000415s ]
SQL: SHOW COLUMNS FROM `lcm_user` [ RunTime:0.0029s ]
SQL: SELECT * FROM `lcm_user` WHERE ( username = 'admin' ) LIMIT 1   [ RunTime:0.0003s ]
SQL: SHOW COLUMNS FROM `lcm_site` [ RunTime:0.0033s ]
SQL: SELECT `file_size` FROM `lcm_site` WHERE ( id = 1 ) LIMIT 1   [ RunTime:0.0003s ]
NOTIC: [2] call_user_func() expects parameter 1 to be a valid callback, no array or string given D:\wamp\www\thinkphp\lcm\ThinkPHP\Library\Think\Upload.class.php 第 170 行.

[ 2017-02-07T15:09:13+08:00 ] 127.0.0.1 /index.php?m=Admin&c=Article&a=doadd
INFO: [ app_init ] --START--
INFO: Run Behavior\BuildLiteBehavior [ RunTime:0.000038s ]
INFO: [ app_init ] --END-- [ RunTime:0.000810s ]
INFO: [ app_begin ] --START--
INFO: Run Behavior\ReadHtmlCacheBehavior [ RunTime:0.002130s ]
INFO: [ app_begin ] --END-- [ RunTime:0.002348s ]
SQL: SHOW COLUMNS FROM `lcm_user` [ RunTime:0.0027s ]
SQL: SELECT * FROM `lcm_user` WHERE ( username = 'admin' ) LIMIT 1   [ RunTime:0.0003s ]
SQL: SHOW COLUMNS FROM `lcm_article` [ RunTime:0.0071s ]
SQL: INSERT INTO `lcm_article` (`title`,`articlepassword`,`viewtumb`,`fid`,`type`,`price`,`additional`,`content`,`pic`,`mp3`,`file`,`video`,`uid`,`ctime`,`edittime`) VALUES ('【潘苹果-24粒礼盒装】天水花','','0','30','2','255','花牛苹果24粒装|果径75MM中果|居家食用款 营养健康，老幼皆爱','<p>啊啊啊啊啊啊啊啊啊啊啊啊啊啊</p>','./Public/Uploads/2017-02-07/5899729428f4c.jpg','','','','1','1486451353','1486451353') [ RunTime:0.0879s ]
INFO: [ view_parse ] --START--
INFO: [ template_filter ] --START--
INFO: Run Behavior\ContentReplaceBehavior [ RunTime:0.000165s ]
INFO: [ template_filter ] --END-- [ RunTime:0.000348s ]
INFO: Run Behavior\ParseTemplateBehavior [ RunTime:0.047186s ]
INFO: [ view_parse ] --END-- [ RunTime:0.047352s ]
INFO: [ view_filter ] --START--
INFO: Run Behavior\WriteHtmlCacheBehavior [ RunTime:0.001171s ]
INFO: [ view_filter ] --END-- [ RunTime:0.001358s ]
INFO: [ app_end ] --START--
INFO: Run Behavior\ShowPageTraceBehavior [ RunTime:0.002242s ]
INFO: [ app_end ] --END-- [ RunTime:0.002447s ]

[ 2017-02-07T15:09:15+08:00 ] 127.0.0.1 /index.php?m=Admin&c=Article&a=add
INFO: [ app_init ] --START--
INFO: Run Behavior\BuildLiteBehavior [ RunTime:0.000038s ]
INFO: [ app_init ] --END-- [ RunTime:0.000590s ]
INFO: [ app_begin ] --START--
INFO: Run Behavior\ReadHtmlCacheBehavior [ RunTime:0.000744s ]
INFO: [ app_begin ] --END-- [ RunTime:0.000956s ]
SQL: SHOW COLUMNS FROM `lcm_user` [ RunTime:0.0036s ]
SQL: SELECT * FROM `lcm_user` WHERE ( username = 'admin' ) LIMIT 1   [ RunTime:0.0005s ]
SQL: SHOW COLUMNS FROM `lcm_category` [ RunTime:0.0037s ]
SQL: SELECT * FROM `lcm_category` ORDER BY sort desc  [ RunTime:0.0011s ]
INFO: [ view_parse ] --START--
INFO: [ template_filter ] --START--
INFO: Run Behavior\ContentReplaceBehavior [ RunTime:0.000250s ]
INFO: [ template_filter ] --END-- [ RunTime:0.000436s ]
INFO: Run Behavior\ParseTemplateBehavior [ RunTime:0.028772s ]
INFO: [ view_parse ] --END-- [ RunTime:0.028937s ]
INFO: [ view_filter ] --START--
INFO: Run Behavior\WriteHtmlCacheBehavior [ RunTime:0.000345s ]
INFO: [ view_filter ] --END-- [ RunTime:0.000442s ]
INFO: [ app_end ] --START--
INFO: Run Behavior\ShowPageTraceBehavior [ RunTime:0.001440s ]
INFO: [ app_end ] --END-- [ RunTime:0.002554s ]

[ 2017-02-07T15:09:18+08:00 ] 127.0.0.1 /index.php?m=Admin&c=Article&a=index
INFO: [ app_init ] --START--
INFO: Run Behavior\BuildLiteBehavior [ RunTime:0.000039s ]
INFO: [ app_init ] --END-- [ RunTime:0.000519s ]
INFO: [ app_begin ] --START--
INFO: Run Behavior\ReadHtmlCacheBehavior [ RunTime:0.000602s ]
INFO: [ app_begin ] --END-- [ RunTime:0.000807s ]
SQL: SHOW COLUMNS FROM `lcm_user` [ RunTime:0.0038s ]
SQL: SELECT * FROM `lcm_user` WHERE ( username = 'admin' ) LIMIT 1   [ RunTime:0.0005s ]
SQL: SHOW COLUMNS FROM `lcm_article` [ RunTime:0.0034s ]
SQL: SELECT COUNT(*) AS tp_count FROM `lcm_article` WHERE ( status = 0 ) LIMIT 1   [ RunTime:0.0369s ]
SQL: SHOW COLUMNS FROM `lcm_article` [ RunTime:0.0030s ]
SQL: SELECT a.*,(SELECT name FROM lcm_category where id = a.fid) as category FROM lcm_article as a WHERE ( status = 0 ) ORDER BY id desc LIMIT 0,10   [ RunTime:0.0453s ]
INFO: [ view_parse ] --START--
INFO: [ template_filter ] --START--
INFO: Run Behavior\ContentReplaceBehavior [ RunTime:0.000120s ]
INFO: [ template_filter ] --END-- [ RunTime:0.000248s ]
NOTIC: [8] Undefined index: comment D:\wamp\www\thinkphp\lcm\Application\Runtime\Cache\Admin\7a4184ffe8f804b12b2e7f8851dd8f7d.php 第 236 行.
NOTIC: [8] Undefined index: comment D:\wamp\www\thinkphp\lcm\Application\Runtime\Cache\Admin\7a4184ffe8f804b12b2e7f8851dd8f7d.php 第 236 行.
NOTIC: [8] Undefined index: comment D:\wamp\www\thinkphp\lcm\Application\Runtime\Cache\Admin\7a4184ffe8f804b12b2e7f8851dd8f7d.php 第 236 行.
NOTIC: [8] Undefined index: comment D:\wamp\www\thinkphp\lcm\Application\Runtime\Cache\Admin\7a4184ffe8f804b12b2e7f8851dd8f7d.php 第 236 行.
NOTIC: [8] Undefined index: comment D:\wamp\www\thinkphp\lcm\Application\Runtime\Cache\Admin\7a4184ffe8f804b12b2e7f8851dd8f7d.php 第 236 行.
NOTIC: [8] Undefined index: comment D:\wamp\www\thinkphp\lcm\Application\Runtime\Cache\Admin\7a4184ffe8f804b12b2e7f8851dd8f7d.php 第 236 行.
NOTIC: [8] Undefined index: comment D:\wamp\www\thinkphp\lcm\Application\Runtime\Cache\Admin\7a4184ffe8f804b12b2e7f8851dd8f7d.php 第 236 行.
INFO: Run Behavior\ParseTemplateBehavior [ RunTime:0.080334s ]
INFO: [ view_parse ] --END-- [ RunTime:0.080461s ]
INFO: [ view_filter ] --START--
INFO: Run Behavior\WriteHtmlCacheBehavior [ RunTime:0.000261s ]
INFO: [ view_filter ] --END-- [ RunTime:0.000351s ]
INFO: [ app_end ] --START--
INFO: Run Behavior\ShowPageTraceBehavior [ RunTime:0.000468s ]
INFO: [ app_end ] --END-- [ RunTime:0.000605s ]

[ 2017-02-07T15:09:25+08:00 ] 127.0.0.1 /index.php?m=Admin&c=Article&a=update&id=7
INFO: [ app_init ] --START--
INFO: Run Behavior\BuildLiteBehavior [ RunTime:0.000038s ]
INFO: [ app_init ] --END-- [ RunTime:0.000556s ]
INFO: [ app_begin ] --START--
INFO: Run Behavior\ReadHtmlCacheBehavior [ RunTime:0.000584s ]
INFO: [ app_begin ] --END-- [ RunTime:0.000792s ]
SQL: SHOW COLUMNS FROM `lcm_user` [ RunTime:0.0039s ]
SQL: SELECT * FROM `lcm_user` WHERE ( username = 'admin' ) LIMIT 1   [ RunTime:0.0005s ]
SQL: SHOW COLUMNS FROM `lcm_category` [ RunTime:0.0034s ]
SQL: SELECT * FROM `lcm_category` ORDER BY sort desc  [ RunTime:0.0004s ]
SQL: SHOW COLUMNS FROM `lcm_article` [ RunTime:0.0040s ]
SQL: SELECT * FROM `lcm_article` WHERE `id` = 7 LIMIT 1   [ RunTime:0.0006s ]
INFO: [ view_parse ] --START--
INFO: [ template_filter ] --START--
INFO: Run Behavior\ContentReplaceBehavior [ RunTime:0.000257s ]
INFO: [ template_filter ] --END-- [ RunTime:0.000447s ]
INFO: Run Behavior\ParseTemplateBehavior [ RunTime:0.024277s ]
INFO: [ view_parse ] --END-- [ RunTime:0.024468s ]
INFO: [ view_filter ] --START--
INFO: Run Behavior\WriteHtmlCacheBehavior [ RunTime:0.000410s ]
INFO: [ view_filter ] --END-- [ RunTime:0.000580s ]
INFO: [ app_end ] --START--
INFO: Run Behavior\ShowPageTraceBehavior [ RunTime:0.000923s ]
INFO: [ app_end ] --END-- [ RunTime:0.001244s ]

[ 2017-02-07T15:10:22+08:00 ] 127.0.0.1 /index.php?m=Admin&c=Article&a=update&id=7
INFO: [ app_init ] --START--
INFO: Run Behavior\BuildLiteBehavior [ RunTime:0.000040s ]
INFO: [ app_init ] --END-- [ RunTime:0.000556s ]
INFO: [ app_begin ] --START--
INFO: Run Behavior\ReadHtmlCacheBehavior [ RunTime:0.000591s ]
INFO: [ app_begin ] --END-- [ RunTime:0.000816s ]
SQL: SHOW COLUMNS FROM `lcm_user` [ RunTime:0.0038s ]
SQL: SELECT * FROM `lcm_user` WHERE ( username = 'admin' ) LIMIT 1   [ RunTime:0.0004s ]
SQL: SHOW COLUMNS FROM `lcm_category` [ RunTime:0.0037s ]
SQL: SELECT * FROM `lcm_category` ORDER BY sort desc  [ RunTime:0.0003s ]
SQL: SHOW COLUMNS FROM `lcm_article` [ RunTime:0.0032s ]
SQL: SELECT * FROM `lcm_article` WHERE `id` = 7 LIMIT 1   [ RunTime:0.0009s ]
INFO: [ view_parse ] --START--
INFO: [ template_filter ] --START--
INFO: Run Behavior\ContentReplaceBehavior [ RunTime:0.000153s ]
INFO: [ template_filter ] --END-- [ RunTime:0.000265s ]
INFO: Run Behavior\ParseTemplateBehavior [ RunTime:0.093376s ]
INFO: [ view_parse ] --END-- [ RunTime:0.093538s ]
INFO: [ view_filter ] --START--
INFO: Run Behavior\WriteHtmlCacheBehavior [ RunTime:0.000297s ]
INFO: [ view_filter ] --END-- [ RunTime:0.000392s ]
INFO: [ app_end ] --START--
INFO: Run Behavior\ShowPageTraceBehavior [ RunTime:0.000563s ]
INFO: [ app_end ] --END-- [ RunTime:0.000731s ]

[ 2017-02-07T15:10:53+08:00 ] 127.0.0.1 /index.php?m=Admin&c=Article&a=update&id=7
INFO: [ app_init ] --START--
INFO: Run Behavior\BuildLiteBehavior [ RunTime:0.000039s ]
INFO: [ app_init ] --END-- [ RunTime:0.001380s ]
INFO: [ app_begin ] --START--
INFO: Run Behavior\ReadHtmlCacheBehavior [ RunTime:0.000836s ]
INFO: [ app_begin ] --END-- [ RunTime:0.001072s ]
SQL: SHOW COLUMNS FROM `lcm_user` [ RunTime:0.0048s ]
SQL: SELECT * FROM `lcm_user` WHERE ( username = 'admin' ) LIMIT 1   [ RunTime:0.0003s ]
SQL: SHOW COLUMNS FROM `lcm_category` [ RunTime:0.0028s ]
SQL: SELECT * FROM `lcm_category` ORDER BY sort desc  [ RunTime:0.0003s ]
SQL: SHOW COLUMNS FROM `lcm_article` [ RunTime:0.0045s ]
SQL: SELECT * FROM `lcm_article` WHERE `id` = 7 LIMIT 1   [ RunTime:0.0008s ]
INFO: [ view_parse ] --START--
INFO: [ template_filter ] --START--
INFO: Run Behavior\ContentReplaceBehavior [ RunTime:0.000259s ]
INFO: [ template_filter ] --END-- [ RunTime:0.000457s ]
INFO: Run Behavior\ParseTemplateBehavior [ RunTime:0.026392s ]
INFO: [ view_parse ] --END-- [ RunTime:0.026547s ]
INFO: [ view_filter ] --START--
INFO: Run Behavior\WriteHtmlCacheBehavior [ RunTime:0.000296s ]
INFO: [ view_filter ] --END-- [ RunTime:0.000395s ]
INFO: [ app_end ] --START--
INFO: Run Behavior\ShowPageTraceBehavior [ RunTime:0.000637s ]
INFO: [ app_end ] --END-- [ RunTime:0.000825s ]

[ 2017-02-07T15:11:44+08:00 ] 127.0.0.1 /index.php?m=Admin&c=Article&a=add
INFO: [ app_init ] --START--
INFO: Run Behavior\BuildLiteBehavior [ RunTime:0.000035s ]
INFO: [ app_init ] --END-- [ RunTime:0.000622s ]
INFO: [ app_begin ] --START--
INFO: Run Behavior\ReadHtmlCacheBehavior [ RunTime:0.000471s ]
INFO: [ app_begin ] --END-- [ RunTime:0.000595s ]
SQL: SHOW COLUMNS FROM `lcm_user` [ RunTime:0.0381s ]
SQL: SELECT * FROM `lcm_user` WHERE ( username = 'admin' ) LIMIT 1   [ RunTime:0.0005s ]
SQL: SHOW COLUMNS FROM `lcm_category` [ RunTime:0.0290s ]
SQL: SELECT * FROM `lcm_category` ORDER BY sort desc  [ RunTime:0.0003s ]
INFO: [ view_parse ] --START--
INFO: [ template_filter ] --START--
INFO: Run Behavior\ContentReplaceBehavior [ RunTime:0.000218s ]
INFO: [ template_filter ] --END-- [ RunTime:0.000405s ]
INFO: Run Behavior\ParseTemplateBehavior [ RunTime:0.020242s ]
INFO: [ view_parse ] --END-- [ RunTime:0.020421s ]
INFO: [ view_filter ] --START--
INFO: Run Behavior\WriteHtmlCacheBehavior [ RunTime:0.000479s ]
INFO: [ view_filter ] --END-- [ RunTime:0.000646s ]
INFO: [ app_end ] --START--
INFO: Run Behavior\ShowPageTraceBehavior [ RunTime:0.000532s ]
INFO: [ app_end ] --END-- [ RunTime:0.000685s ]

[ 2017-02-07T15:12:09+08:00 ] 127.0.0.1 /index.php?m=Admin&c=Article&a=ajax_upload&type=pic
INFO: [ app_init ] --START--
INFO: Run Behavior\BuildLiteBehavior [ RunTime:0.000038s ]
INFO: [ app_init ] --END-- [ RunTime:0.000653s ]
INFO: [ app_begin ] --START--
INFO: Run Behavior\ReadHtmlCacheBehavior [ RunTime:0.000380s ]
INFO: [ app_begin ] --END-- [ RunTime:0.000503s ]
SQL: SHOW COLUMNS FROM `lcm_user` [ RunTime:0.0034s ]
SQL: SELECT * FROM `lcm_user` WHERE ( username = 'admin' ) LIMIT 1   [ RunTime:0.0004s ]
SQL: SHOW COLUMNS FROM `lcm_site` [ RunTime:0.0064s ]
SQL: SELECT `file_size` FROM `lcm_site` WHERE ( id = 1 ) LIMIT 1   [ RunTime:0.0004s ]
NOTIC: [2] call_user_func() expects parameter 1 to be a valid callback, no array or string given D:\wamp\www\thinkphp\lcm\ThinkPHP\Library\Think\Upload.class.php 第 170 行.

[ 2017-02-07T15:12:15+08:00 ] 127.0.0.1 /index.php?m=Admin&c=Article&a=doadd
INFO: [ app_init ] --START--
INFO: Run Behavior\BuildLiteBehavior [ RunTime:0.000031s ]
INFO: [ app_init ] --END-- [ RunTime:0.001273s ]
INFO: [ app_begin ] --START--
INFO: Run Behavior\ReadHtmlCacheBehavior [ RunTime:0.001842s ]
INFO: [ app_begin ] --END-- [ RunTime:0.002086s ]
SQL: SHOW COLUMNS FROM `lcm_user` [ RunTime:0.0030s ]
SQL: SELECT * FROM `lcm_user` WHERE ( username = 'admin' ) LIMIT 1   [ RunTime:0.0004s ]
SQL: SHOW COLUMNS FROM `lcm_article` [ RunTime:0.0039s ]
SQL: INSERT INTO `lcm_article` (`title`,`articlepassword`,`viewtumb`,`fid`,`type`,`price`,`additional`,`content`,`pic`,`mp3`,`file`,`video`,`uid`,`ctime`,`edittime`) VALUES ('系统管理员','','0','30','2','222','花牛苹果24粒装','<p>拜拜拜拜不不不不不不不不</p>','./Public/Uploads/2017-02-07/58997349e2158.jpg','','','','1','1486451535','1486451535') [ RunTime:0.0524s ]
INFO: [ view_parse ] --START--
INFO: [ template_filter ] --START--
INFO: Run Behavior\ContentReplaceBehavior [ RunTime:0.000105s ]
INFO: [ template_filter ] --END-- [ RunTime:0.000381s ]
INFO: Run Behavior\ParseTemplateBehavior [ RunTime:0.050815s ]
INFO: [ view_parse ] --END-- [ RunTime:0.050974s ]
INFO: [ view_filter ] --START--
INFO: Run Behavior\WriteHtmlCacheBehavior [ RunTime:0.000912s ]
INFO: [ view_filter ] --END-- [ RunTime:0.001022s ]
INFO: [ app_end ] --START--
INFO: Run Behavior\ShowPageTraceBehavior [ RunTime:0.001796s ]
INFO: [ app_end ] --END-- [ RunTime:0.002037s ]

[ 2017-02-07T15:12:17+08:00 ] 127.0.0.1 /index.php?m=Admin&c=Article&a=add
INFO: [ app_init ] --START--
INFO: Run Behavior\BuildLiteBehavior [ RunTime:0.000032s ]
INFO: [ app_init ] --END-- [ RunTime:0.000587s ]
INFO: [ app_begin ] --START--
INFO: Run Behavior\ReadHtmlCacheBehavior [ RunTime:0.000987s ]
INFO: [ app_begin ] --END-- [ RunTime:0.001114s ]
SQL: SHOW COLUMNS FROM `lcm_user` [ RunTime:0.0035s ]
SQL: SELECT * FROM `lcm_user` WHERE ( username = 'admin' ) LIMIT 1   [ RunTime:0.0010s ]
SQL: SHOW COLUMNS FROM `lcm_category` [ RunTime:0.0050s ]
SQL: SELECT * FROM `lcm_category` ORDER BY sort desc  [ RunTime:0.0005s ]
INFO: [ view_parse ] --START--
INFO: [ template_filter ] --START--
INFO: Run Behavior\ContentReplaceBehavior [ RunTime:0.000150s ]
INFO: [ template_filter ] --END-- [ RunTime:0.000269s ]
INFO: Run Behavior\ParseTemplateBehavior [ RunTime:0.026934s ]
INFO: [ view_parse ] --END-- [ RunTime:0.027056s ]
INFO: [ view_filter ] --START--
INFO: Run Behavior\WriteHtmlCacheBehavior [ RunTime:0.000996s ]
INFO: [ view_filter ] --END-- [ RunTime:0.001126s ]
INFO: [ app_end ] --START--
INFO: Run Behavior\ShowPageTraceBehavior [ RunTime:0.002168s ]
INFO: [ app_end ] --END-- [ RunTime:0.002355s ]

[ 2017-02-07T15:12:20+08:00 ] 127.0.0.1 /index.php?m=Admin&c=Article&a=index
INFO: [ app_init ] --START--
INFO: Run Behavior\BuildLiteBehavior [ RunTime:0.000027s ]
INFO: [ app_init ] --END-- [ RunTime:0.000741s ]
INFO: [ app_begin ] --START--
INFO: Run Behavior\ReadHtmlCacheBehavior [ RunTime:0.001136s ]
INFO: [ app_begin ] --END-- [ RunTime:0.001313s ]
SQL: SHOW COLUMNS FROM `lcm_user` [ RunTime:0.0027s ]
SQL: SELECT * FROM `lcm_user` WHERE ( username = 'admin' ) LIMIT 1   [ RunTime:0.0003s ]
SQL: SHOW COLUMNS FROM `lcm_article` [ RunTime:0.0061s ]
SQL: SELECT COUNT(*) AS tp_count FROM `lcm_article` WHERE ( status = 0 ) LIMIT 1   [ RunTime:0.0002s ]
SQL: SHOW COLUMNS FROM `lcm_article` [ RunTime:0.0381s ]
SQL: SELECT a.*,(SELECT name FROM lcm_category where id = a.fid) as category FROM lcm_article as a WHERE ( status = 0 ) ORDER BY id desc LIMIT 0,10   [ RunTime:0.0005s ]
INFO: [ view_parse ] --START--
INFO: [ template_filter ] --START--
INFO: Run Behavior\ContentReplaceBehavior [ RunTime:0.000096s ]
INFO: [ template_filter ] --END-- [ RunTime:0.000214s ]
NOTIC: [8] Undefined index: comment D:\wamp\www\thinkphp\lcm\Application\Runtime\Cache\Admin\7a4184ffe8f804b12b2e7f8851dd8f7d.php 第 236 行.
NOTIC: [8] Undefined index: comment D:\wamp\www\thinkphp\lcm\Application\Runtime\Cache\Admin\7a4184ffe8f804b12b2e7f8851dd8f7d.php 第 236 行.
NOTIC: [8] Undefined index: comment D:\wamp\www\thinkphp\lcm\Application\Runtime\Cache\Admin\7a4184ffe8f804b12b2e7f8851dd8f7d.php 第 236 行.
NOTIC: [8] Undefined index: comment D:\wamp\www\thinkphp\lcm\Application\Runtime\Cache\Admin\7a4184ffe8f804b12b2e7f8851dd8f7d.php 第 236 行.
NOTIC: [8] Undefined index: comment D:\wamp\www\thinkphp\lcm\Application\Runtime\Cache\Admin\7a4184ffe8f804b12b2e7f8851dd8f7d.php 第 236 行.
NOTIC: [8] Undefined index: comment D:\wamp\www\thinkphp\lcm\Application\Runtime\Cache\Admin\7a4184ffe8f804b12b2e7f8851dd8f7d.php 第 236 行.
NOTIC: [8] Undefined index: comment D:\wamp\www\thinkphp\lcm\Application\Runtime\Cache\Admin\7a4184ffe8f804b12b2e7f8851dd8f7d.php 第 236 行.
NOTIC: [8] Undefined index: comment D:\wamp\www\thinkphp\lcm\Application\Runtime\Cache\Admin\7a4184ffe8f804b12b2e7f8851dd8f7d.php 第 236 行.
INFO: Run Behavior\ParseTemplateBehavior [ RunTime:0.025521s ]
INFO: [ view_parse ] --END-- [ RunTime:0.025656s ]
INFO: [ view_filter ] --START--
INFO: Run Behavior\WriteHtmlCacheBehavior [ RunTime:0.001031s ]
INFO: [ view_filter ] --END-- [ RunTime:0.001133s ]
INFO: [ app_end ] --START--
INFO: Run Behavior\ShowPageTraceBehavior [ RunTime:0.001747s ]
INFO: [ app_end ] --END-- [ RunTime:0.001903s ]

[ 2017-02-07T15:12:24+08:00 ] 127.0.0.1 /index.php?m=Admin&c=Article&a=update&id=8
INFO: [ app_init ] --START--
INFO: Run Behavior\BuildLiteBehavior [ RunTime:0.000040s ]
INFO: [ app_init ] --END-- [ RunTime:0.000879s ]
INFO: [ app_begin ] --START--
INFO: Run Behavior\ReadHtmlCacheBehavior [ RunTime:0.003578s ]
INFO: [ app_begin ] --END-- [ RunTime:0.003829s ]
SQL: SHOW COLUMNS FROM `lcm_user` [ RunTime:0.0639s ]
SQL: SELECT * FROM `lcm_user` WHERE ( username = 'admin' ) LIMIT 1   [ RunTime:0.0004s ]
SQL: SHOW COLUMNS FROM `lcm_category` [ RunTime:0.0035s ]
SQL: SELECT * FROM `lcm_category` ORDER BY sort desc  [ RunTime:0.0004s ]
SQL: SHOW COLUMNS FROM `lcm_article` [ RunTime:0.0434s ]
SQL: SELECT * FROM `lcm_article` WHERE `id` = 8 LIMIT 1   [ RunTime:0.0003s ]
INFO: [ view_parse ] --START--
INFO: [ template_filter ] --START--
INFO: Run Behavior\ContentReplaceBehavior [ RunTime:0.000159s ]
INFO: [ template_filter ] --END-- [ RunTime:0.000298s ]
INFO: Run Behavior\ParseTemplateBehavior [ RunTime:0.029667s ]
INFO: [ view_parse ] --END-- [ RunTime:0.029881s ]
INFO: [ view_filter ] --START--
INFO: Run Behavior\WriteHtmlCacheBehavior [ RunTime:0.001191s ]
INFO: [ view_filter ] --END-- [ RunTime:0.001341s ]
INFO: [ app_end ] --START--
INFO: Run Behavior\ShowPageTraceBehavior [ RunTime:0.001273s ]
INFO: [ app_end ] --END-- [ RunTime:0.001437s ]

[ 2017-02-07T16:15:38+08:00 ] 127.0.0.1 /index.php?m=Admin&c=Article&a=add
INFO: [ app_init ] --START--
INFO: Run Behavior\BuildLiteBehavior [ RunTime:0.000023s ]
INFO: [ app_init ] --END-- [ RunTime:0.000371s ]
INFO: [ app_begin ] --START--
INFO: Run Behavior\ReadHtmlCacheBehavior [ RunTime:0.000487s ]
INFO: [ app_begin ] --END-- [ RunTime:0.000612s ]
SQL: SHOW COLUMNS FROM `lcm_user` [ RunTime:0.0035s ]
SQL: SELECT * FROM `lcm_user` WHERE ( username = 'admin' ) LIMIT 1   [ RunTime:0.0007s ]
SQL: SHOW COLUMNS FROM `lcm_category` [ RunTime:0.0027s ]
SQL: SELECT * FROM `lcm_category` ORDER BY sort desc  [ RunTime:0.0003s ]
INFO: [ view_parse ] --START--
INFO: [ template_filter ] --START--
INFO: Run Behavior\ContentReplaceBehavior [ RunTime:0.000150s ]
INFO: [ template_filter ] --END-- [ RunTime:0.000274s ]
INFO: Run Behavior\ParseTemplateBehavior [ RunTime:0.042830s ]
INFO: [ view_parse ] --END-- [ RunTime:0.042984s ]
INFO: [ view_filter ] --START--
INFO: Run Behavior\WriteHtmlCacheBehavior [ RunTime:0.000335s ]
INFO: [ view_filter ] --END-- [ RunTime:0.000439s ]
INFO: [ app_end ] --START--
INFO: Run Behavior\ShowPageTraceBehavior [ RunTime:0.000699s ]
INFO: [ app_end ] --END-- [ RunTime:0.000854s ]

[ 2017-02-07T16:16:07+08:00 ] 127.0.0.1 /index.php?m=Admin&c=Article&a=ajax_upload&type=pic
INFO: [ app_init ] --START--
INFO: Run Behavior\BuildLiteBehavior [ RunTime:0.000037s ]
INFO: [ app_init ] --END-- [ RunTime:0.000568s ]
INFO: [ app_begin ] --START--
INFO: Run Behavior\ReadHtmlCacheBehavior [ RunTime:0.000354s ]
INFO: [ app_begin ] --END-- [ RunTime:0.000459s ]
SQL: SHOW COLUMNS FROM `lcm_user` [ RunTime:0.0249s ]
SQL: SELECT * FROM `lcm_user` WHERE ( username = 'admin' ) LIMIT 1   [ RunTime:0.0003s ]
SQL: SHOW COLUMNS FROM `lcm_site` [ RunTime:0.0033s ]
SQL: SELECT `file_size` FROM `lcm_site` WHERE ( id = 1 ) LIMIT 1   [ RunTime:0.0004s ]
NOTIC: [2] call_user_func() expects parameter 1 to be a valid callback, no array or string given D:\wamp\www\thinkphp\lcm\ThinkPHP\Library\Think\Upload.class.php 第 170 行.

[ 2017-02-07T16:16:09+08:00 ] 127.0.0.1 /index.php?m=Admin&c=Article&a=doadd
INFO: [ app_init ] --START--
INFO: Run Behavior\BuildLiteBehavior [ RunTime:0.000027s ]
INFO: [ app_init ] --END-- [ RunTime:0.000691s ]
INFO: [ app_begin ] --START--
INFO: Run Behavior\ReadHtmlCacheBehavior [ RunTime:0.001005s ]
INFO: [ app_begin ] --END-- [ RunTime:0.001174s ]
SQL: SHOW COLUMNS FROM `lcm_user` [ RunTime:0.0234s ]
SQL: SELECT * FROM `lcm_user` WHERE ( username = 'admin' ) LIMIT 1   [ RunTime:0.0002s ]
SQL: SHOW COLUMNS FROM `lcm_article` [ RunTime:0.0023s ]
SQL: INSERT INTO `lcm_article` (`title`,`articlepassword`,`viewtumb`,`fid`,`type`,`price`,`additional`,`content`,`pic`,`mp3`,`file`,`video`,`uid`,`ctime`,`edittime`) VALUES ('水果2','','0','30','2','223','很好吃|多吃点','<p>啛啛喳喳错错错错错错错错错</p>','./Public/Uploads/2017-02-07/58998247cfc87.jpg','','','','1','1486455369','1486455369') [ RunTime:0.0587s ]
INFO: [ view_parse ] --START--
INFO: [ template_filter ] --START--
INFO: Run Behavior\ContentReplaceBehavior [ RunTime:0.000139s ]
INFO: [ template_filter ] --END-- [ RunTime:0.000244s ]
INFO: Run Behavior\ParseTemplateBehavior [ RunTime:0.008258s ]
INFO: [ view_parse ] --END-- [ RunTime:0.008395s ]
INFO: [ view_filter ] --START--
INFO: Run Behavior\WriteHtmlCacheBehavior [ RunTime:0.000505s ]
INFO: [ view_filter ] --END-- [ RunTime:0.000600s ]
INFO: [ app_end ] --START--
INFO: Run Behavior\ShowPageTraceBehavior [ RunTime:0.000673s ]
INFO: [ app_end ] --END-- [ RunTime:0.000782s ]

[ 2017-02-07T16:16:11+08:00 ] 127.0.0.1 /index.php?m=Admin&c=Article&a=add
INFO: [ app_init ] --START--
INFO: Run Behavior\BuildLiteBehavior [ RunTime:0.000034s ]
INFO: [ app_init ] --END-- [ RunTime:0.000576s ]
INFO: [ app_begin ] --START--
INFO: Run Behavior\ReadHtmlCacheBehavior [ RunTime:0.000644s ]
INFO: [ app_begin ] --END-- [ RunTime:0.000762s ]
SQL: SHOW COLUMNS FROM `lcm_user` [ RunTime:0.0037s ]
SQL: SELECT * FROM `lcm_user` WHERE ( username = 'admin' ) LIMIT 1   [ RunTime:0.0004s ]
SQL: SHOW COLUMNS FROM `lcm_category` [ RunTime:0.0059s ]
SQL: SELECT * FROM `lcm_category` ORDER BY sort desc  [ RunTime:0.0004s ]
INFO: [ view_parse ] --START--
INFO: [ template_filter ] --START--
INFO: Run Behavior\ContentReplaceBehavior [ RunTime:0.000222s ]
INFO: [ template_filter ] --END-- [ RunTime:0.000433s ]
INFO: Run Behavior\ParseTemplateBehavior [ RunTime:0.047898s ]
INFO: [ view_parse ] --END-- [ RunTime:0.048062s ]
INFO: [ view_filter ] --START--
INFO: Run Behavior\WriteHtmlCacheBehavior [ RunTime:0.001139s ]
INFO: [ view_filter ] --END-- [ RunTime:0.001326s ]
INFO: [ app_end ] --START--
INFO: Run Behavior\ShowPageTraceBehavior [ RunTime:0.001565s ]
INFO: [ app_end ] --END-- [ RunTime:0.001780s ]

[ 2017-02-07T16:24:33+08:00 ] 127.0.0.1 /index.php?m=Admin&c=Article&a=add
INFO: [ app_init ] --START--
INFO: Run Behavior\BuildLiteBehavior [ RunTime:0.000031s ]
INFO: [ app_init ] --END-- [ RunTime:0.000556s ]
INFO: [ app_begin ] --START--
INFO: Run Behavior\ReadHtmlCacheBehavior [ RunTime:0.000694s ]
INFO: [ app_begin ] --END-- [ RunTime:0.000943s ]
SQL: SHOW COLUMNS FROM `lcm_user` [ RunTime:0.0033s ]
SQL: SELECT * FROM `lcm_user` WHERE ( username = 'admin' ) LIMIT 1   [ RunTime:0.0003s ]
SQL: SHOW COLUMNS FROM `lcm_category` [ RunTime:0.0024s ]
SQL: SELECT * FROM `lcm_category` ORDER BY sort desc  [ RunTime:0.0002s ]
INFO: [ view_parse ] --START--
INFO: [ template_filter ] --START--
INFO: Run Behavior\ContentReplaceBehavior [ RunTime:0.000155s ]
INFO: [ template_filter ] --END-- [ RunTime:0.000271s ]
INFO: Run Behavior\ParseTemplateBehavior [ RunTime:0.023061s ]
INFO: [ view_parse ] --END-- [ RunTime:0.023174s ]
INFO: [ view_filter ] --START--
INFO: Run Behavior\WriteHtmlCacheBehavior [ RunTime:0.000348s ]
INFO: [ view_filter ] --END-- [ RunTime:0.000444s ]
INFO: [ app_end ] --START--
INFO: Run Behavior\ShowPageTraceBehavior [ RunTime:0.000573s ]
INFO: [ app_end ] --END-- [ RunTime:0.000686s ]

[ 2017-02-07T16:24:57+08:00 ] 127.0.0.1 /index.php?m=Admin&c=Article&a=ajax_upload&type=pic
INFO: [ app_init ] --START--
INFO: Run Behavior\BuildLiteBehavior [ RunTime:0.000024s ]
INFO: [ app_init ] --END-- [ RunTime:0.000343s ]
INFO: [ app_begin ] --START--
INFO: Run Behavior\ReadHtmlCacheBehavior [ RunTime:0.000344s ]
INFO: [ app_begin ] --END-- [ RunTime:0.000443s ]
SQL: SHOW COLUMNS FROM `lcm_user` [ RunTime:0.0035s ]
SQL: SELECT * FROM `lcm_user` WHERE ( username = 'admin' ) LIMIT 1   [ RunTime:0.0004s ]
SQL: SHOW COLUMNS FROM `lcm_site` [ RunTime:0.0028s ]
SQL: SELECT `file_size` FROM `lcm_site` WHERE ( id = 1 ) LIMIT 1   [ RunTime:0.0002s ]
NOTIC: [2] call_user_func() expects parameter 1 to be a valid callback, no array or string given D:\wamp\www\thinkphp\lcm\ThinkPHP\Library\Think\Upload.class.php 第 170 行.

[ 2017-02-07T16:25:00+08:00 ] 127.0.0.1 /index.php?m=Admin&c=Article&a=doadd
INFO: [ app_init ] --START--
INFO: Run Behavior\BuildLiteBehavior [ RunTime:0.000030s ]
INFO: [ app_init ] --END-- [ RunTime:0.000686s ]
INFO: [ app_begin ] --START--
INFO: Run Behavior\ReadHtmlCacheBehavior [ RunTime:0.001303s ]
INFO: [ app_begin ] --END-- [ RunTime:0.001524s ]
SQL: SHOW COLUMNS FROM `lcm_user` [ RunTime:0.0039s ]
SQL: SELECT * FROM `lcm_user` WHERE ( username = 'admin' ) LIMIT 1   [ RunTime:0.0004s ]
SQL: SHOW COLUMNS FROM `lcm_article` [ RunTime:0.0045s ]
SQL: INSERT INTO `lcm_article` (`title`,`articlepassword`,`viewtumb`,`fid`,`type`,`price`,`additional`,`content`,`pic`,`mp3`,`file`,`video`,`uid`,`ctime`,`edittime`) VALUES ('苹果香蕉','','0','29','2','52','很水的苹果','<p>啛啛喳喳错错错错错错错错错</p>','./Public/Uploads/2017-02-07/58998459e7ef3.jpg','','','','1','1486455900','1486455900') [ RunTime:0.0713s ]
INFO: [ view_parse ] --START--
INFO: [ template_filter ] --START--
INFO: Run Behavior\ContentReplaceBehavior [ RunTime:0.000103s ]
INFO: [ template_filter ] --END-- [ RunTime:0.000214s ]
INFO: Run Behavior\ParseTemplateBehavior [ RunTime:0.007938s ]
INFO: [ view_parse ] --END-- [ RunTime:0.008061s ]
INFO: [ view_filter ] --START--
INFO: Run Behavior\WriteHtmlCacheBehavior [ RunTime:0.000452s ]
INFO: [ view_filter ] --END-- [ RunTime:0.000549s ]
INFO: [ app_end ] --START--
INFO: Run Behavior\ShowPageTraceBehavior [ RunTime:0.000996s ]
INFO: [ app_end ] --END-- [ RunTime:0.001172s ]

[ 2017-02-07T16:25:01+08:00 ] 127.0.0.1 /index.php?m=Admin&c=Article&a=add
INFO: [ app_init ] --START--
INFO: Run Behavior\BuildLiteBehavior [ RunTime:0.000042s ]
INFO: [ app_init ] --END-- [ RunTime:0.000738s ]
INFO: [ app_begin ] --START--
INFO: Run Behavior\ReadHtmlCacheBehavior [ RunTime:0.001269s ]
INFO: [ app_begin ] --END-- [ RunTime:0.001491s ]
SQL: SHOW COLUMNS FROM `lcm_user` [ RunTime:0.0046s ]
SQL: SELECT * FROM `lcm_user` WHERE ( username = 'admin' ) LIMIT 1   [ RunTime:0.0004s ]
SQL: SHOW COLUMNS FROM `lcm_category` [ RunTime:0.0079s ]
SQL: SELECT * FROM `lcm_category` ORDER BY sort desc  [ RunTime:0.0010s ]
INFO: [ view_parse ] --START--
INFO: [ template_filter ] --START--
INFO: Run Behavior\ContentReplaceBehavior [ RunTime:0.000294s ]
INFO: [ template_filter ] --END-- [ RunTime:0.000546s ]
INFO: Run Behavior\ParseTemplateBehavior [ RunTime:0.035082s ]
INFO: [ view_parse ] --END-- [ RunTime:0.035319s ]
INFO: [ view_filter ] --START--
INFO: Run Behavior\WriteHtmlCacheBehavior [ RunTime:0.002332s ]
INFO: [ view_filter ] --END-- [ RunTime:0.002633s ]
INFO: [ app_end ] --START--
INFO: Run Behavior\ShowPageTraceBehavior [ RunTime:0.001571s ]
INFO: [ app_end ] --END-- [ RunTime:0.001797s ]

[ 2017-02-07T16:25:28+08:00 ] 127.0.0.1 /index.php?m=Admin&c=Article&a=ajax_upload&type=pic
INFO: [ app_init ] --START--
INFO: Run Behavior\BuildLiteBehavior [ RunTime:0.000023s ]
INFO: [ app_init ] --END-- [ RunTime:0.000462s ]
INFO: [ app_begin ] --START--
INFO: Run Behavior\ReadHtmlCacheBehavior [ RunTime:0.000629s ]
INFO: [ app_begin ] --END-- [ RunTime:0.000774s ]
SQL: SHOW COLUMNS FROM `lcm_user` [ RunTime:0.0032s ]
SQL: SELECT * FROM `lcm_user` WHERE ( username = 'admin' ) LIMIT 1   [ RunTime:0.0002s ]
SQL: SHOW COLUMNS FROM `lcm_site` [ RunTime:0.0027s ]
SQL: SELECT `file_size` FROM `lcm_site` WHERE ( id = 1 ) LIMIT 1   [ RunTime:0.0002s ]
NOTIC: [2] call_user_func() expects parameter 1 to be a valid callback, no array or string given D:\wamp\www\thinkphp\lcm\ThinkPHP\Library\Think\Upload.class.php 第 170 行.

[ 2017-02-07T16:25:30+08:00 ] 127.0.0.1 /index.php?m=Admin&c=Article&a=doadd
INFO: [ app_init ] --START--
INFO: Run Behavior\BuildLiteBehavior [ RunTime:0.000031s ]
INFO: [ app_init ] --END-- [ RunTime:0.000574s ]
INFO: [ app_begin ] --START--
INFO: Run Behavior\ReadHtmlCacheBehavior [ RunTime:0.000591s ]
INFO: [ app_begin ] --END-- [ RunTime:0.000711s ]
SQL: SHOW COLUMNS FROM `lcm_user` [ RunTime:0.0044s ]
SQL: SELECT * FROM `lcm_user` WHERE ( username = 'admin' ) LIMIT 1   [ RunTime:0.0004s ]
SQL: SHOW COLUMNS FROM `lcm_article` [ RunTime:0.0037s ]
SQL: INSERT INTO `lcm_article` (`title`,`articlepassword`,`viewtumb`,`fid`,`type`,`price`,`additional`,`content`,`pic`,`mp3`,`file`,`video`,`uid`,`ctime`,`edittime`) VALUES ('香蕉个巴拉','','0','29','2','53','很好吃|很多水','<p>啛啛喳喳错错错错错错错错</p>','./Public/Uploads/2017-02-07/58998478e268a.jpg','','','','1','1486455930','1486455930') [ RunTime:0.0519s ]
INFO: [ view_parse ] --START--
INFO: [ template_filter ] --START--
INFO: Run Behavior\ContentReplaceBehavior [ RunTime:0.000146s ]
INFO: [ template_filter ] --END-- [ RunTime:0.000273s ]
INFO: Run Behavior\ParseTemplateBehavior [ RunTime:0.008701s ]
INFO: [ view_parse ] --END-- [ RunTime:0.008838s ]
INFO: [ view_filter ] --START--
INFO: Run Behavior\WriteHtmlCacheBehavior [ RunTime:0.000539s ]
INFO: [ view_filter ] --END-- [ RunTime:0.000636s ]
INFO: [ app_end ] --START--
INFO: Run Behavior\ShowPageTraceBehavior [ RunTime:0.000778s ]
INFO: [ app_end ] --END-- [ RunTime:0.000954s ]

[ 2017-02-07T16:25:31+08:00 ] 127.0.0.1 /index.php?m=Admin&c=Article&a=add
INFO: [ app_init ] --START--
INFO: Run Behavior\BuildLiteBehavior [ RunTime:0.000043s ]
INFO: [ app_init ] --END-- [ RunTime:0.000699s ]
INFO: [ app_begin ] --START--
INFO: Run Behavior\ReadHtmlCacheBehavior [ RunTime:0.000672s ]
INFO: [ app_begin ] --END-- [ RunTime:0.000803s ]
SQL: SHOW COLUMNS FROM `lcm_user` [ RunTime:0.0064s ]
SQL: SELECT * FROM `lcm_user` WHERE ( username = 'admin' ) LIMIT 1   [ RunTime:0.0004s ]
SQL: SHOW COLUMNS FROM `lcm_category` [ RunTime:0.0051s ]
SQL: SELECT * FROM `lcm_category` ORDER BY sort desc  [ RunTime:0.0006s ]
INFO: [ view_parse ] --START--
INFO: [ template_filter ] --START--
INFO: Run Behavior\ContentReplaceBehavior [ RunTime:0.000332s ]
INFO: [ template_filter ] --END-- [ RunTime:0.000652s ]
INFO: Run Behavior\ParseTemplateBehavior [ RunTime:0.042559s ]
INFO: [ view_parse ] --END-- [ RunTime:0.042777s ]
INFO: [ view_filter ] --START--
INFO: Run Behavior\WriteHtmlCacheBehavior [ RunTime:0.000551s ]
INFO: [ view_filter ] --END-- [ RunTime:0.000673s ]
INFO: [ app_end ] --START--
INFO: Run Behavior\ShowPageTraceBehavior [ RunTime:0.001702s ]
INFO: [ app_end ] --END-- [ RunTime:0.001962s ]

[ 2017-02-07T16:30:41+08:00 ] 127.0.0.1 /index.php?m=Admin&c=Article&a=ajax_upload&type=pic
INFO: [ app_init ] --START--
INFO: Run Behavior\BuildLiteBehavior [ RunTime:0.000023s ]
INFO: [ app_init ] --END-- [ RunTime:0.000352s ]
INFO: [ app_begin ] --START--
INFO: Run Behavior\ReadHtmlCacheBehavior [ RunTime:0.000632s ]
INFO: [ app_begin ] --END-- [ RunTime:0.000803s ]
SQL: SHOW COLUMNS FROM `lcm_user` [ RunTime:0.0026s ]
SQL: SELECT * FROM `lcm_user` WHERE ( username = 'admin' ) LIMIT 1   [ RunTime:0.0002s ]
SQL: SHOW COLUMNS FROM `lcm_site` [ RunTime:0.0036s ]
SQL: SELECT `file_size` FROM `lcm_site` WHERE ( id = 1 ) LIMIT 1   [ RunTime:0.0003s ]
NOTIC: [2] call_user_func() expects parameter 1 to be a valid callback, no array or string given D:\wamp\www\thinkphp\lcm\ThinkPHP\Library\Think\Upload.class.php 第 170 行.

[ 2017-02-07T16:30:43+08:00 ] 127.0.0.1 /index.php?m=Admin&c=Article&a=doadd
INFO: [ app_init ] --START--
INFO: Run Behavior\BuildLiteBehavior [ RunTime:0.000036s ]
INFO: [ app_init ] --END-- [ RunTime:0.000564s ]
INFO: [ app_begin ] --START--
INFO: Run Behavior\ReadHtmlCacheBehavior [ RunTime:0.000505s ]
INFO: [ app_begin ] --END-- [ RunTime:0.000639s ]
SQL: SHOW COLUMNS FROM `lcm_user` [ RunTime:0.0031s ]
SQL: SELECT * FROM `lcm_user` WHERE ( username = 'admin' ) LIMIT 1   [ RunTime:0.0004s ]
SQL: SHOW COLUMNS FROM `lcm_article` [ RunTime:0.0031s ]
SQL: INSERT INTO `lcm_article` (`title`,`articlepassword`,`viewtumb`,`fid`,`type`,`price`,`additional`,`content`,`pic`,`mp3`,`file`,`video`,`uid`,`ctime`,`edittime`) VALUES ('水蜜桃2种','','0','31','2','33','狠狠的说|特供水果','<p>鹅鹅鹅饿鹅鹅鹅饿</p>','./Public/Uploads/2017-02-07/589985b163c47.jpg','','','','1','1486456243','1486456243') [ RunTime:0.0508s ]
INFO: [ view_parse ] --START--
INFO: [ template_filter ] --START--
INFO: Run Behavior\ContentReplaceBehavior [ RunTime:0.000141s ]
INFO: [ template_filter ] --END-- [ RunTime:0.000243s ]
INFO: Run Behavior\ParseTemplateBehavior [ RunTime:0.008632s ]
INFO: [ view_parse ] --END-- [ RunTime:0.008794s ]
INFO: [ view_filter ] --START--
INFO: Run Behavior\WriteHtmlCacheBehavior [ RunTime:0.000415s ]
INFO: [ view_filter ] --END-- [ RunTime:0.000519s ]
INFO: [ app_end ] --START--
INFO: Run Behavior\ShowPageTraceBehavior [ RunTime:0.000592s ]
INFO: [ app_end ] --END-- [ RunTime:0.000727s ]

[ 2017-02-07T16:30:44+08:00 ] 127.0.0.1 /index.php?m=Admin&c=Article&a=add
INFO: [ app_init ] --START--
INFO: Run Behavior\BuildLiteBehavior [ RunTime:0.000051s ]
INFO: [ app_init ] --END-- [ RunTime:0.000757s ]
INFO: [ app_begin ] --START--
INFO: Run Behavior\ReadHtmlCacheBehavior [ RunTime:0.001397s ]
INFO: [ app_begin ] --END-- [ RunTime:0.001709s ]
SQL: SHOW COLUMNS FROM `lcm_user` [ RunTime:0.0029s ]
SQL: SELECT * FROM `lcm_user` WHERE ( username = 'admin' ) LIMIT 1   [ RunTime:0.0003s ]
SQL: SHOW COLUMNS FROM `lcm_category` [ RunTime:0.0030s ]
SQL: SELECT * FROM `lcm_category` ORDER BY sort desc  [ RunTime:0.0005s ]
INFO: [ view_parse ] --START--
INFO: [ template_filter ] --START--
INFO: Run Behavior\ContentReplaceBehavior [ RunTime:0.000153s ]
INFO: [ template_filter ] --END-- [ RunTime:0.000266s ]
INFO: Run Behavior\ParseTemplateBehavior [ RunTime:0.042611s ]
INFO: [ view_parse ] --END-- [ RunTime:0.043650s ]
INFO: [ view_filter ] --START--
INFO: Run Behavior\WriteHtmlCacheBehavior [ RunTime:0.001375s ]
INFO: [ view_filter ] --END-- [ RunTime:0.001565s ]
INFO: [ app_end ] --START--
INFO: Run Behavior\ShowPageTraceBehavior [ RunTime:0.000960s ]
INFO: [ app_end ] --END-- [ RunTime:0.001154s ]

[ 2017-02-07T16:30:44+08:00 ] 127.0.0.1 /index.php?m=Admin&c=Article&a=add
INFO: [ app_init ] --START--
INFO: Run Behavior\BuildLiteBehavior [ RunTime:0.000074s ]
INFO: [ app_init ] --END-- [ RunTime:0.000949s ]
INFO: [ app_begin ] --START--
INFO: Run Behavior\ReadHtmlCacheBehavior [ RunTime:0.000962s ]
INFO: [ app_begin ] --END-- [ RunTime:0.001417s ]
SQL: SHOW COLUMNS FROM `lcm_user` [ RunTime:0.0050s ]
SQL: SELECT * FROM `lcm_user` WHERE ( username = 'admin' ) LIMIT 1   [ RunTime:0.0004s ]
SQL: SHOW COLUMNS FROM `lcm_category` [ RunTime:0.0038s ]
SQL: SELECT * FROM `lcm_category` ORDER BY sort desc  [ RunTime:0.0004s ]
INFO: [ view_parse ] --START--
INFO: [ template_filter ] --START--
INFO: Run Behavior\ContentReplaceBehavior [ RunTime:0.000253s ]
INFO: [ template_filter ] --END-- [ RunTime:0.000534s ]
INFO: Run Behavior\ParseTemplateBehavior [ RunTime:0.033881s ]
INFO: [ view_parse ] --END-- [ RunTime:0.034113s ]
INFO: [ view_filter ] --START--
INFO: Run Behavior\WriteHtmlCacheBehavior [ RunTime:0.000888s ]
INFO: [ view_filter ] --END-- [ RunTime:0.001097s ]
INFO: [ app_end ] --START--
INFO: Run Behavior\ShowPageTraceBehavior [ RunTime:0.002859s ]
INFO: [ app_end ] --END-- [ RunTime:0.003315s ]

[ 2017-02-07T17:12:30+08:00 ] 127.0.0.1 /index.php?m=Admin&c=Site&a=index
INFO: [ app_init ] --START--
INFO: Run Behavior\BuildLiteBehavior [ RunTime:0.000041s ]
INFO: [ app_init ] --END-- [ RunTime:0.000796s ]
INFO: [ app_begin ] --START--
INFO: Run Behavior\ReadHtmlCacheBehavior [ RunTime:0.000707s ]
INFO: [ app_begin ] --END-- [ RunTime:0.000913s ]
SQL: SHOW COLUMNS FROM `lcm_user` [ RunTime:0.0057s ]
SQL: SELECT * FROM `lcm_user` WHERE ( username = 'admin' ) LIMIT 1   [ RunTime:0.0006s ]
SQL: SHOW COLUMNS FROM `lcm_site` [ RunTime:0.0032s ]
SQL: SELECT * FROM `lcm_site` WHERE `id` = 1 LIMIT 1   [ RunTime:0.0005s ]
INFO: [ view_parse ] --START--
INFO: [ template_filter ] --START--
INFO: Run Behavior\ContentReplaceBehavior [ RunTime:0.000152s ]
INFO: [ template_filter ] --END-- [ RunTime:0.000269s ]
INFO: Run Behavior\ParseTemplateBehavior [ RunTime:0.067813s ]
INFO: [ view_parse ] --END-- [ RunTime:0.067964s ]
INFO: [ view_filter ] --START--
INFO: Run Behavior\WriteHtmlCacheBehavior [ RunTime:0.000367s ]
INFO: [ view_filter ] --END-- [ RunTime:0.000466s ]
INFO: [ app_end ] --START--
INFO: Run Behavior\ShowPageTraceBehavior [ RunTime:0.001488s ]
INFO: [ app_end ] --END-- [ RunTime:0.001756s ]

[ 2017-02-07T17:27:55+08:00 ] 127.0.0.1 /index.php?m=Admin&c=Site&a=index
INFO: [ app_init ] --START--
INFO: Run Behavior\BuildLiteBehavior [ RunTime:0.000025s ]
INFO: [ app_init ] --END-- [ RunTime:0.000372s ]
INFO: [ app_begin ] --START--
INFO: Run Behavior\ReadHtmlCacheBehavior [ RunTime:0.000561s ]
INFO: [ app_begin ] --END-- [ RunTime:0.000744s ]
SQL: SHOW COLUMNS FROM `lcm_user` [ RunTime:0.0035s ]
SQL: SELECT * FROM `lcm_user` WHERE ( username = 'admin' ) LIMIT 1   [ RunTime:0.0003s ]
SQL: SHOW COLUMNS FROM `lcm_site` [ RunTime:0.0083s ]
SQL: SELECT * FROM `lcm_site` WHERE `id` = 1 LIMIT 1   [ RunTime:0.0004s ]
INFO: [ view_parse ] --START--
INFO: [ template_filter ] --START--
INFO: Run Behavior\ContentReplaceBehavior [ RunTime:0.000150s ]
INFO: [ template_filter ] --END-- [ RunTime:0.000261s ]
INFO: Run Behavior\ParseTemplateBehavior [ RunTime:0.023035s ]
INFO: [ view_parse ] --END-- [ RunTime:0.023182s ]
INFO: [ view_filter ] --START--
INFO: Run Behavior\WriteHtmlCacheBehavior [ RunTime:0.001115s ]
INFO: [ view_filter ] --END-- [ RunTime:0.001321s ]
INFO: [ app_end ] --START--
INFO: Run Behavior\ShowPageTraceBehavior [ RunTime:0.001208s ]
INFO: [ app_end ] --END-- [ RunTime:0.001483s ]

[ 2017-02-07T17:30:01+08:00 ] 127.0.0.1 /index.php?m=Admin&c=Site&a=doedit&id=1
INFO: [ app_init ] --START--
INFO: Run Behavior\BuildLiteBehavior [ RunTime:0.000044s ]
INFO: [ app_init ] --END-- [ RunTime:0.000684s ]
INFO: [ app_begin ] --START--
INFO: Run Behavior\ReadHtmlCacheBehavior [ RunTime:0.001475s ]
INFO: [ app_begin ] --END-- [ RunTime:0.001811s ]
SQL: SHOW COLUMNS FROM `lcm_user` [ RunTime:0.0059s ]
SQL: SELECT * FROM `lcm_user` WHERE ( username = 'admin' ) LIMIT 1   [ RunTime:0.0003s ]
SQL: SHOW COLUMNS FROM `lcm_site` [ RunTime:0.0029s ]
SQL: UPDATE `lcm_site` SET `title`='xx农场管理系统',`name`='泰安农场',`set_content`='农场品展示平台',`admin_email`='731371050@qq.com',`telephone`='12345678901',`qq`='784966200',`address`='江苏省苏州市姑苏区直属镇菁英公寓',`company`='阿狸文化有限公司',`lat`='31.268243',`lng`='120.736099',`file_size`='8',`keywords`='农产品|蜜桃|水果',`description`='农产品展示平台',`icp`='<a href = \"www.baidu.com\">asd</a>',`statistics`='<script type=\"text/javascript\">var cnzz_protocol = ((\"https:\" == document.location.protocol) ? \" https://\" : \" http://\");document.write(unescape(\"%3Cspan id=\'cnzz_stat_icon_1256104530\'%3E%3C/span%3E%3Cscript src=\'\" + cnzz_protocol + \"s11.cnzz.com/stat.php%3Fid%3D1256104530\' type=\'text/javascript\'%3E%3C/script%3E\"));</script>',`friend_link`='发送邮箱至map720@163.com',`logo`='./Public/Uploads/2017-01-20/5881bb4bbffbf.png',`qrcode`='./Public/Uploads/2017-02-05/5897354907825.png',`about_title`='品牌的力量',`about_content`='品牌的力量是很大很大很大的。品牌的力量是很大很大很大的。品牌的力量是很大很大很大的。品牌的力量是很大很大很大的。品牌的力量是很大很大很大的。品牌的力量是很大很大很大的。',`about_left`='./Public/Uploads/2017-02-06/5897f55da1b8d.jpg',`about_right`='./Public/Uploads/2017-02-06/5897f563b1353.jpg',`product_right`='./Public/Uploads/2017-02-06/5897f568def79.jpg' WHERE ( id = 1 ) [ RunTime:0.1040s ]
INFO: [ view_parse ] --START--
INFO: [ template_filter ] --START--
INFO: Run Behavior\ContentReplaceBehavior [ RunTime:0.000100s ]
INFO: [ template_filter ] --END-- [ RunTime:0.000204s ]
INFO: Run Behavior\ParseTemplateBehavior [ RunTime:0.007744s ]
INFO: [ view_parse ] --END-- [ RunTime:0.007874s ]
INFO: [ view_filter ] --START--
INFO: Run Behavior\WriteHtmlCacheBehavior [ RunTime:0.000329s ]
INFO: [ view_filter ] --END-- [ RunTime:0.000427s ]
INFO: [ app_end ] --START--
INFO: Run Behavior\ShowPageTraceBehavior [ RunTime:0.000599s ]
INFO: [ app_end ] --END-- [ RunTime:0.000745s ]

[ 2017-02-07T17:30:02+08:00 ] 127.0.0.1 /index.php?m=Admin&c=Site&a=index
INFO: [ app_init ] --START--
INFO: Run Behavior\BuildLiteBehavior [ RunTime:0.000039s ]
INFO: [ app_init ] --END-- [ RunTime:0.000758s ]
INFO: [ app_begin ] --START--
INFO: Run Behavior\ReadHtmlCacheBehavior [ RunTime:0.000868s ]
INFO: [ app_begin ] --END-- [ RunTime:0.001073s ]
SQL: SHOW COLUMNS FROM `lcm_user` [ RunTime:0.0388s ]
SQL: SELECT * FROM `lcm_user` WHERE ( username = 'admin' ) LIMIT 1   [ RunTime:0.0004s ]
SQL: SHOW COLUMNS FROM `lcm_site` [ RunTime:0.0031s ]
SQL: SELECT * FROM `lcm_site` WHERE `id` = 1 LIMIT 1   [ RunTime:0.0003s ]
INFO: [ view_parse ] --START--
INFO: [ template_filter ] --START--
INFO: Run Behavior\ContentReplaceBehavior [ RunTime:0.000214s ]
INFO: [ template_filter ] --END-- [ RunTime:0.000375s ]
INFO: Run Behavior\ParseTemplateBehavior [ RunTime:0.042711s ]
INFO: [ view_parse ] --END-- [ RunTime:0.042869s ]
INFO: [ view_filter ] --START--
INFO: Run Behavior\WriteHtmlCacheBehavior [ RunTime:0.000506s ]
INFO: [ view_filter ] --END-- [ RunTime:0.000613s ]
INFO: [ app_end ] --START--
INFO: Run Behavior\ShowPageTraceBehavior [ RunTime:0.000779s ]
INFO: [ app_end ] --END-- [ RunTime:0.000946s ]

[ 2017-02-07T21:33:16+08:00 ] 127.0.0.1 /index.php?m=Admin&c=Site&a=index
INFO: [ app_init ] --START--
INFO: Run Behavior\BuildLiteBehavior [ RunTime:0.000079s ]
INFO: [ app_init ] --END-- [ RunTime:0.000651s ]
INFO: [ app_begin ] --START--
INFO: Run Behavior\ReadHtmlCacheBehavior [ RunTime:0.000785s ]
INFO: [ app_begin ] --END-- [ RunTime:0.001019s ]
SQL: SHOW COLUMNS FROM `lcm_user` [ RunTime:0.0453s ]
SQL: SELECT * FROM `lcm_user` WHERE ( username = 'admin' ) LIMIT 1   [ RunTime:0.0004s ]
SQL: SHOW COLUMNS FROM `lcm_site` [ RunTime:0.0842s ]
SQL: SELECT * FROM `lcm_site` WHERE `id` = 1 LIMIT 1   [ RunTime:0.0003s ]
INFO: [ view_parse ] --START--
INFO: [ template_filter ] --START--
INFO: Run Behavior\ContentReplaceBehavior [ RunTime:0.000153s ]
INFO: [ template_filter ] --END-- [ RunTime:0.000274s ]
INFO: Run Behavior\ParseTemplateBehavior [ RunTime:0.048486s ]
INFO: [ view_parse ] --END-- [ RunTime:0.048603s ]
INFO: [ view_filter ] --START--
INFO: Run Behavior\WriteHtmlCacheBehavior [ RunTime:0.000373s ]
INFO: [ view_filter ] --END-- [ RunTime:0.000466s ]
INFO: [ app_end ] --START--
INFO: Run Behavior\ShowPageTraceBehavior [ RunTime:0.000629s ]
INFO: [ app_end ] --END-- [ RunTime:0.000772s ]

[ 2017-02-07T21:33:25+08:00 ] 127.0.0.1 /index.php?m=Admin&c=Article&a=add
INFO: [ app_init ] --START--
INFO: Run Behavior\BuildLiteBehavior [ RunTime:0.000026s ]
INFO: [ app_init ] --END-- [ RunTime:0.000408s ]
INFO: [ app_begin ] --START--
INFO: Run Behavior\ReadHtmlCacheBehavior [ RunTime:0.000599s ]
INFO: [ app_begin ] --END-- [ RunTime:0.000777s ]
SQL: SHOW COLUMNS FROM `lcm_user` [ RunTime:0.0027s ]
SQL: SELECT * FROM `lcm_user` WHERE ( username = 'admin' ) LIMIT 1   [ RunTime:0.0003s ]
SQL: SHOW COLUMNS FROM `lcm_category` [ RunTime:0.0029s ]
SQL: SELECT * FROM `lcm_category` ORDER BY sort desc  [ RunTime:0.0004s ]
INFO: [ view_parse ] --START--
INFO: [ template_filter ] --START--
INFO: Run Behavior\ContentReplaceBehavior [ RunTime:0.000141s ]
INFO: [ template_filter ] --END-- [ RunTime:0.000251s ]
INFO: Run Behavior\ParseTemplateBehavior [ RunTime:0.019271s ]
INFO: [ view_parse ] --END-- [ RunTime:0.019447s ]
INFO: [ view_filter ] --START--
INFO: Run Behavior\WriteHtmlCacheBehavior [ RunTime:0.000445s ]
INFO: [ view_filter ] --END-- [ RunTime:0.000543s ]
INFO: [ app_end ] --START--
INFO: Run Behavior\ShowPageTraceBehavior [ RunTime:0.000641s ]
INFO: [ app_end ] --END-- [ RunTime:0.000755s ]

[ 2017-02-07T23:21:22+08:00 ] 127.0.0.1 /index.php?m=Admin&c=Category&a=index
INFO: [ app_init ] --START--
INFO: Run Behavior\BuildLiteBehavior [ RunTime:0.000027s ]
INFO: [ app_init ] --END-- [ RunTime:0.000534s ]
INFO: [ app_begin ] --START--
INFO: Run Behavior\ReadHtmlCacheBehavior [ RunTime:0.000540s ]
INFO: [ app_begin ] --END-- [ RunTime:0.000710s ]
SQL: SHOW COLUMNS FROM `lcm_user` [ RunTime:0.0044s ]
SQL: SELECT * FROM `lcm_user` WHERE ( username = 'admin' ) LIMIT 1   [ RunTime:0.0006s ]
SQL: SHOW COLUMNS FROM `lcm_category` [ RunTime:0.0026s ]
SQL: SELECT * FROM `lcm_category`  [ RunTime:0.0004s ]
INFO: [ view_parse ] --START--
INFO: [ template_filter ] --START--
INFO: Run Behavior\ContentReplaceBehavior [ RunTime:0.000172s ]
INFO: [ template_filter ] --END-- [ RunTime:0.000359s ]
INFO: Run Behavior\ParseTemplateBehavior [ RunTime:0.037697s ]
INFO: [ view_parse ] --END-- [ RunTime:0.037843s ]
INFO: [ view_filter ] --START--
INFO: Run Behavior\WriteHtmlCacheBehavior [ RunTime:0.000409s ]
INFO: [ view_filter ] --END-- [ RunTime:0.000523s ]
INFO: [ app_end ] --START--
INFO: Run Behavior\ShowPageTraceBehavior [ RunTime:0.000585s ]
INFO: [ app_end ] --END-- [ RunTime:0.000760s ]

[ 2017-02-07T23:21:54+08:00 ] 127.0.0.1 /index.php?m=Admin&c=Category&a=add
INFO: [ app_init ] --START--
INFO: Run Behavior\BuildLiteBehavior [ RunTime:0.000039s ]
INFO: [ app_init ] --END-- [ RunTime:0.000527s ]
INFO: [ app_begin ] --START--
INFO: Run Behavior\ReadHtmlCacheBehavior [ RunTime:0.000635s ]
INFO: [ app_begin ] --END-- [ RunTime:0.000851s ]
SQL: SHOW COLUMNS FROM `lcm_user` [ RunTime:0.0046s ]
SQL: SELECT * FROM `lcm_user` WHERE ( username = 'admin' ) LIMIT 1   [ RunTime:0.0004s ]
SQL: SHOW COLUMNS FROM `lcm_category` [ RunTime:0.0037s ]
SQL: SELECT * FROM `lcm_category`  [ RunTime:0.0003s ]
INFO: [ view_parse ] --START--
INFO: [ template_filter ] --START--
INFO: Run Behavior\ContentReplaceBehavior [ RunTime:0.000106s ]
INFO: [ template_filter ] --END-- [ RunTime:0.000224s ]
INFO: Run Behavior\ParseTemplateBehavior [ RunTime:0.038733s ]
INFO: [ view_parse ] --END-- [ RunTime:0.038906s ]
INFO: [ view_filter ] --START--
INFO: Run Behavior\WriteHtmlCacheBehavior [ RunTime:0.000394s ]
INFO: [ view_filter ] --END-- [ RunTime:0.000566s ]
INFO: [ app_end ] --START--
INFO: Run Behavior\ShowPageTraceBehavior [ RunTime:0.000934s ]
INFO: [ app_end ] --END-- [ RunTime:0.001098s ]

[ 2017-02-07T23:22:13+08:00 ] 127.0.0.1 /index.php?m=Admin&c=Category&a=doadd
INFO: [ app_init ] --START--
INFO: Run Behavior\BuildLiteBehavior [ RunTime:0.000026s ]
INFO: [ app_init ] --END-- [ RunTime:0.000369s ]
INFO: [ app_begin ] --START--
INFO: Run Behavior\ReadHtmlCacheBehavior [ RunTime:0.000370s ]
INFO: [ app_begin ] --END-- [ RunTime:0.000503s ]
SQL: SHOW COLUMNS FROM `lcm_user` [ RunTime:0.0463s ]
SQL: SELECT * FROM `lcm_user` WHERE ( username = 'admin' ) LIMIT 1   [ RunTime:0.0004s ]
SQL: SHOW COLUMNS FROM `lcm_category` [ RunTime:0.0575s ]
SQL: INSERT INTO `lcm_category` (`name`,`fid`,`type`,`sort`,`show_index`) VALUES ('公司简介','24','1','0','') [ RunTime:0.0762s ]
INFO: [ view_parse ] --START--
INFO: [ template_filter ] --START--
INFO: Run Behavior\ContentReplaceBehavior [ RunTime:0.000291s ]
INFO: [ template_filter ] --END-- [ RunTime:0.000598s ]
INFO: Run Behavior\ParseTemplateBehavior [ RunTime:0.037731s ]
INFO: [ view_parse ] --END-- [ RunTime:0.038034s ]
INFO: [ view_filter ] --START--
INFO: Run Behavior\WriteHtmlCacheBehavior [ RunTime:0.000579s ]
INFO: [ view_filter ] --END-- [ RunTime:0.000859s ]
INFO: [ app_end ] --START--
INFO: Run Behavior\ShowPageTraceBehavior [ RunTime:0.001138s ]
INFO: [ app_end ] --END-- [ RunTime:0.001475s ]

[ 2017-02-07T23:22:14+08:00 ] 127.0.0.1 /index.php?m=Admin&c=Category&a=add
INFO: [ app_init ] --START--
INFO: Run Behavior\BuildLiteBehavior [ RunTime:0.000028s ]
INFO: [ app_init ] --END-- [ RunTime:0.000440s ]
INFO: [ app_begin ] --START--
INFO: Run Behavior\ReadHtmlCacheBehavior [ RunTime:0.000827s ]
INFO: [ app_begin ] --END-- [ RunTime:0.001031s ]
SQL: SHOW COLUMNS FROM `lcm_user` [ RunTime:0.0220s ]
SQL: SELECT * FROM `lcm_user` WHERE ( username = 'admin' ) LIMIT 1   [ RunTime:0.0003s ]
SQL: SHOW COLUMNS FROM `lcm_category` [ RunTime:0.0028s ]
SQL: SELECT * FROM `lcm_category`  [ RunTime:0.0003s ]
INFO: [ view_parse ] --START--
INFO: [ template_filter ] --START--
INFO: Run Behavior\ContentReplaceBehavior [ RunTime:0.000126s ]
INFO: [ template_filter ] --END-- [ RunTime:0.000263s ]
INFO: Run Behavior\ParseTemplateBehavior [ RunTime:0.021225s ]
INFO: [ view_parse ] --END-- [ RunTime:0.021365s ]
INFO: [ view_filter ] --START--
INFO: Run Behavior\WriteHtmlCacheBehavior [ RunTime:0.000483s ]
INFO: [ view_filter ] --END-- [ RunTime:0.000623s ]
INFO: [ app_end ] --START--
INFO: Run Behavior\ShowPageTraceBehavior [ RunTime:0.000779s ]
INFO: [ app_end ] --END-- [ RunTime:0.000964s ]

[ 2017-02-07T23:22:27+08:00 ] 127.0.0.1 /index.php?m=Admin&c=Category&a=doadd
INFO: [ app_init ] --START--
INFO: Run Behavior\BuildLiteBehavior [ RunTime:0.000022s ]
INFO: [ app_init ] --END-- [ RunTime:0.000358s ]
INFO: [ app_begin ] --START--
INFO: Run Behavior\ReadHtmlCacheBehavior [ RunTime:0.000358s ]
INFO: [ app_begin ] --END-- [ RunTime:0.000479s ]
SQL: SHOW COLUMNS FROM `lcm_user` [ RunTime:0.0448s ]
SQL: SELECT * FROM `lcm_user` WHERE ( username = 'admin' ) LIMIT 1   [ RunTime:0.0003s ]
SQL: SHOW COLUMNS FROM `lcm_category` [ RunTime:0.0549s ]
SQL: INSERT INTO `lcm_category` (`name`,`fid`,`type`,`sort`,`show_index`) VALUES ('产业链条','24','1','0','') [ RunTime:0.0443s ]
INFO: [ view_parse ] --START--
INFO: [ template_filter ] --START--
INFO: Run Behavior\ContentReplaceBehavior [ RunTime:0.000102s ]
INFO: [ template_filter ] --END-- [ RunTime:0.000212s ]
INFO: Run Behavior\ParseTemplateBehavior [ RunTime:0.006632s ]
INFO: [ view_parse ] --END-- [ RunTime:0.006766s ]
INFO: [ view_filter ] --START--
INFO: Run Behavior\WriteHtmlCacheBehavior [ RunTime:0.000195s ]
INFO: [ view_filter ] --END-- [ RunTime:0.000288s ]
INFO: [ app_end ] --START--
INFO: Run Behavior\ShowPageTraceBehavior [ RunTime:0.000439s ]
INFO: [ app_end ] --END-- [ RunTime:0.000572s ]

[ 2017-02-07T23:22:28+08:00 ] 127.0.0.1 /index.php?m=Admin&c=Category&a=add
INFO: [ app_init ] --START--
INFO: Run Behavior\BuildLiteBehavior [ RunTime:0.000069s ]
INFO: [ app_init ] --END-- [ RunTime:0.001094s ]
INFO: [ app_begin ] --START--
INFO: Run Behavior\ReadHtmlCacheBehavior [ RunTime:0.000396s ]
INFO: [ app_begin ] --END-- [ RunTime:0.000515s ]
SQL: SHOW COLUMNS FROM `lcm_user` [ RunTime:0.0028s ]
SQL: SELECT * FROM `lcm_user` WHERE ( username = 'admin' ) LIMIT 1   [ RunTime:0.0003s ]
SQL: SHOW COLUMNS FROM `lcm_category` [ RunTime:0.0028s ]
SQL: SELECT * FROM `lcm_category`  [ RunTime:0.0004s ]
INFO: [ view_parse ] --START--
INFO: [ template_filter ] --START--
INFO: Run Behavior\ContentReplaceBehavior [ RunTime:0.000098s ]
INFO: [ template_filter ] --END-- [ RunTime:0.000232s ]
INFO: Run Behavior\ParseTemplateBehavior [ RunTime:0.014789s ]
INFO: [ view_parse ] --END-- [ RunTime:0.014924s ]
INFO: [ view_filter ] --START--
INFO: Run Behavior\WriteHtmlCacheBehavior [ RunTime:0.000314s ]
INFO: [ view_filter ] --END-- [ RunTime:0.000407s ]
INFO: [ app_end ] --START--
INFO: Run Behavior\ShowPageTraceBehavior [ RunTime:0.000833s ]
INFO: [ app_end ] --END-- [ RunTime:0.000946s ]

[ 2017-02-07T23:22:38+08:00 ] 127.0.0.1 /index.php?m=Admin&c=Category&a=doadd
INFO: [ app_init ] --START--
INFO: Run Behavior\BuildLiteBehavior [ RunTime:0.000027s ]
INFO: [ app_init ] --END-- [ RunTime:0.000393s ]
INFO: [ app_begin ] --START--
INFO: Run Behavior\ReadHtmlCacheBehavior [ RunTime:0.000406s ]
INFO: [ app_begin ] --END-- [ RunTime:0.000545s ]
SQL: SHOW COLUMNS FROM `lcm_user` [ RunTime:0.0437s ]
SQL: SELECT * FROM `lcm_user` WHERE ( username = 'admin' ) LIMIT 1   [ RunTime:0.0003s ]
SQL: SHOW COLUMNS FROM `lcm_category` [ RunTime:0.0595s ]
SQL: INSERT INTO `lcm_category` (`name`,`fid`,`type`,`sort`,`show_index`) VALUES ('发展历程','24','1','0','') [ RunTime:0.0577s ]
INFO: [ view_parse ] --START--
INFO: [ template_filter ] --START--
INFO: Run Behavior\ContentReplaceBehavior [ RunTime:0.000287s ]
INFO: [ template_filter ] --END-- [ RunTime:0.000591s ]
INFO: Run Behavior\ParseTemplateBehavior [ RunTime:0.018222s ]
INFO: [ view_parse ] --END-- [ RunTime:0.018497s ]
INFO: [ view_filter ] --START--
INFO: Run Behavior\WriteHtmlCacheBehavior [ RunTime:0.000312s ]
INFO: [ view_filter ] --END-- [ RunTime:0.000466s ]
INFO: [ app_end ] --START--
INFO: Run Behavior\ShowPageTraceBehavior [ RunTime:0.000662s ]
INFO: [ app_end ] --END-- [ RunTime:0.000852s ]

[ 2017-02-07T23:22:39+08:00 ] 127.0.0.1 /index.php?m=Admin&c=Category&a=add
INFO: [ app_init ] --START--
INFO: Run Behavior\BuildLiteBehavior [ RunTime:0.000083s ]
INFO: [ app_init ] --END-- [ RunTime:0.001098s ]
INFO: [ app_begin ] --START--
INFO: Run Behavior\ReadHtmlCacheBehavior [ RunTime:0.000760s ]
INFO: [ app_begin ] --END-- [ RunTime:0.001008s ]
SQL: SHOW COLUMNS FROM `lcm_user` [ RunTime:0.0028s ]
SQL: SELECT * FROM `lcm_user` WHERE ( username = 'admin' ) LIMIT 1   [ RunTime:0.0003s ]
SQL: SHOW COLUMNS FROM `lcm_category` [ RunTime:0.0028s ]
SQL: SELECT * FROM `lcm_category`  [ RunTime:0.0004s ]
INFO: [ view_parse ] --START--
INFO: [ template_filter ] --START--
INFO: Run Behavior\ContentReplaceBehavior [ RunTime:0.000117s ]
INFO: [ template_filter ] --END-- [ RunTime:0.000241s ]
INFO: Run Behavior\ParseTemplateBehavior [ RunTime:0.018191s ]
INFO: [ view_parse ] --END-- [ RunTime:0.018346s ]
INFO: [ view_filter ] --START--
INFO: Run Behavior\WriteHtmlCacheBehavior [ RunTime:0.000289s ]
INFO: [ view_filter ] --END-- [ RunTime:0.000403s ]
INFO: [ app_end ] --START--
INFO: Run Behavior\ShowPageTraceBehavior [ RunTime:0.000578s ]
INFO: [ app_end ] --END-- [ RunTime:0.000742s ]

